2025-01-13T20:49:50.757+05:30  INFO 17028 --- [amazon] [main] com.ecom.amazon.AmazonApplication        : Starting AmazonApplication using Java 21.0.1 with PID 17028 (C:\Users\KINJAL PAL\Downloads\Personel\amazon\amazon\target\classes started by KINJAL PAL in C:\Users\KINJAL PAL\Downloads\Personel\amazon)
2025-01-13T20:49:50.770+05:30  INFO 17028 --- [amazon] [main] com.ecom.amazon.AmazonApplication        : No active profile set, falling back to 1 default profile: "default"
2025-01-13T20:49:51.869+05:30  INFO 17028 --- [amazon] [main] .s.d.r.c.RepositoryConfigurationDelegate : Bootstrapping Spring Data JPA repositories in DEFAULT mode.
2025-01-13T20:49:51.992+05:30  INFO 17028 --- [amazon] [main] .s.d.r.c.RepositoryConfigurationDelegate : Finished Spring Data repository scanning in 94 ms. Found 14 JPA repository interfaces.
2025-01-13T20:49:53.071+05:30  INFO 17028 --- [amazon] [main] o.s.b.w.embedded.tomcat.TomcatWebServer  : Tomcat initialized with port 8080 (http)
2025-01-13T20:49:53.096+05:30  INFO 17028 --- [amazon] [main] o.apache.catalina.core.StandardService   : Starting service [Tomcat]
2025-01-13T20:49:53.096+05:30  INFO 17028 --- [amazon] [main] o.apache.catalina.core.StandardEngine    : Starting Servlet engine: [Apache Tomcat/10.1.34]
2025-01-13T20:49:53.171+05:30  INFO 17028 --- [amazon] [main] o.a.c.c.C.[Tomcat].[localhost].[/]       : Initializing Spring embedded WebApplicationContext
2025-01-13T20:49:53.171+05:30  INFO 17028 --- [amazon] [main] w.s.c.ServletWebServerApplicationContext : Root WebApplicationContext: initialization completed in 2314 ms
2025-01-13T20:49:53.199+05:30 ERROR 17028 --- [amazon] [main] o.s.b.web.embedded.tomcat.TomcatStarter  : Error starting Tomcat context. Exception: org.springframework.beans.factory.UnsatisfiedDependencyException. Message: Error creating bean with name 'jwtAuthenticationFilter' defined in file [C:\Users\KINJAL PAL\Downloads\Personel\amazon\amazon\target\classes\com\ecom\amazon\Jwt\JwtAuthenticationFilter.class]: Unsatisfied dependency expressed through constructor parameter 1: No qualifying bean of type 'org.springframework.security.core.userdetails.UserDetailsService' available: expected at least 1 bean which qualifies as autowire candidate. Dependency annotations: {}
2025-01-13T20:49:53.251+05:30  INFO 17028 --- [amazon] [main] o.apache.catalina.core.StandardService   : Stopping service [Tomcat]
2025-01-13T20:49:53.272+05:30  WARN 17028 --- [amazon] [main] ConfigServletWebServerApplicationContext : Exception encountered during context initialization - cancelling refresh attempt: org.springframework.context.ApplicationContextException: Unable to start web server
2025-01-13T20:49:53.288+05:30  INFO 17028 --- [amazon] [main] .s.b.a.l.ConditionEvaluationReportLogger : 

Error starting ApplicationContext. To display the condition evaluation report re-run your application with 'debug' enabled.
2025-01-13T20:49:53.326+05:30 ERROR 17028 --- [amazon] [main] o.s.b.d.LoggingFailureAnalysisReporter   : 

***************************
APPLICATION FAILED TO START
***************************

Description:

Parameter 1 of constructor in com.ecom.amazon.Jwt.JwtAuthenticationFilter required a bean of type 'org.springframework.security.core.userdetails.UserDetailsService' that could not be found.


Action:

Consider defining a bean of type 'org.springframework.security.core.userdetails.UserDetailsService' in your configuration.

2025-01-13T20:51:37.343+05:30  INFO 17560 --- [amazon] [main] com.ecom.amazon.AmazonApplication        : Starting AmazonApplication using Java 21.0.1 with PID 17560 (C:\Users\KINJAL PAL\Downloads\Personel\amazon\amazon\target\classes started by KINJAL PAL in C:\Users\KINJAL PAL\Downloads\Personel\amazon)
2025-01-13T20:51:37.346+05:30  INFO 17560 --- [amazon] [main] com.ecom.amazon.AmazonApplication        : No active profile set, falling back to 1 default profile: "default"
2025-01-13T20:51:38.449+05:30  INFO 17560 --- [amazon] [main] .s.d.r.c.RepositoryConfigurationDelegate : Bootstrapping Spring Data JPA repositories in DEFAULT mode.
2025-01-13T20:51:38.604+05:30  INFO 17560 --- [amazon] [main] .s.d.r.c.RepositoryConfigurationDelegate : Finished Spring Data repository scanning in 140 ms. Found 14 JPA repository interfaces.
2025-01-13T20:51:39.518+05:30  INFO 17560 --- [amazon] [main] o.s.b.w.embedded.tomcat.TomcatWebServer  : Tomcat initialized with port 8080 (http)
2025-01-13T20:51:39.541+05:30  INFO 17560 --- [amazon] [main] o.apache.catalina.core.StandardService   : Starting service [Tomcat]
2025-01-13T20:51:39.543+05:30  INFO 17560 --- [amazon] [main] o.apache.catalina.core.StandardEngine    : Starting Servlet engine: [Apache Tomcat/10.1.34]
2025-01-13T20:51:39.612+05:30  INFO 17560 --- [amazon] [main] o.a.c.c.C.[Tomcat].[localhost].[/]       : Initializing Spring embedded WebApplicationContext
2025-01-13T20:51:39.613+05:30  INFO 17560 --- [amazon] [main] w.s.c.ServletWebServerApplicationContext : Root WebApplicationContext: initialization completed in 2195 ms
2025-01-13T20:51:39.880+05:30  INFO 17560 --- [amazon] [main] o.hibernate.jpa.internal.util.LogHelper  : HHH000204: Processing PersistenceUnitInfo [name: default]
2025-01-13T20:51:40.053+05:30  INFO 17560 --- [amazon] [main] org.hibernate.Version                    : HHH000412: Hibernate ORM core version 6.6.4.Final
2025-01-13T20:51:40.133+05:30  INFO 17560 --- [amazon] [main] o.h.c.internal.RegionFactoryInitiator    : HHH000026: Second-level cache disabled
2025-01-13T20:51:40.647+05:30  INFO 17560 --- [amazon] [main] o.s.o.j.p.SpringPersistenceUnitInfo      : No LoadTimeWeaver setup: ignoring JPA class transformer
2025-01-13T20:51:40.678+05:30  INFO 17560 --- [amazon] [main] com.zaxxer.hikari.HikariDataSource       : HikariPool-1 - Starting...
2025-01-13T20:51:41.248+05:30  INFO 17560 --- [amazon] [main] com.zaxxer.hikari.pool.HikariPool        : HikariPool-1 - Added connection com.mysql.cj.jdbc.ConnectionImpl@3d8d52be
2025-01-13T20:51:41.250+05:30  INFO 17560 --- [amazon] [main] com.zaxxer.hikari.HikariDataSource       : HikariPool-1 - Start completed.
2025-01-13T20:51:41.333+05:30  WARN 17560 --- [amazon] [main] org.hibernate.orm.deprecation            : HHH90000025: MySQLDialect does not need to be specified explicitly using 'hibernate.dialect' (remove the property setting and it will be selected by default)
2025-01-13T20:51:41.354+05:30  INFO 17560 --- [amazon] [main] org.hibernate.orm.connections.pooling    : HHH10001005: Database info:
	Database JDBC URL [Connecting through datasource 'HikariDataSource (HikariPool-1)']
	Database driver: undefined/unknown
	Database version: 8.0.35
	Autocommit mode: undefined/unknown
	Isolation level: undefined/unknown
	Minimum pool size: undefined/unknown
	Maximum pool size: undefined/unknown
2025-01-13T20:51:42.597+05:30  INFO 17560 --- [amazon] [main] o.h.e.t.j.p.i.JtaPlatformInitiator       : HHH000489: No JTA platform available (set 'hibernate.transaction.jta.platform' to enable JTA platform integration)
2025-01-13T20:51:42.943+05:30  INFO 17560 --- [amazon] [main] j.LocalContainerEntityManagerFactoryBean : Initialized JPA EntityManagerFactory for persistence unit 'default'
2025-01-13T20:51:43.485+05:30  INFO 17560 --- [amazon] [main] r$InitializeUserDetailsManagerConfigurer : Global AuthenticationManager configured with UserDetailsService bean with name customUserDetailService
2025-01-13T20:51:43.607+05:30  INFO 17560 --- [amazon] [main] o.s.d.j.r.query.QueryEnhancerFactory     : Hibernate is in classpath; If applicable, HQL parser will be used.
2025-01-13T20:51:44.829+05:30  WARN 17560 --- [amazon] [main] JpaBaseConfiguration$JpaWebConfiguration : spring.jpa.open-in-view is enabled by default. Therefore, database queries may be performed during view rendering. Explicitly configure spring.jpa.open-in-view to disable this warning
2025-01-13T20:51:45.891+05:30  INFO 17560 --- [amazon] [main] o.s.b.w.embedded.tomcat.TomcatWebServer  : Tomcat started on port 8080 (http) with context path '/'
2025-01-13T20:51:45.904+05:30  INFO 17560 --- [amazon] [main] com.ecom.amazon.AmazonApplication        : Started AmazonApplication in 9.177 seconds (process running for 9.71)
2025-01-13T21:03:39.077+05:30  INFO 17560 --- [amazon] [SpringApplicationShutdownHook] o.s.b.w.e.tomcat.GracefulShutdown        : Commencing graceful shutdown. Waiting for active requests to complete
2025-01-13T21:03:39.091+05:30  INFO 17560 --- [amazon] [tomcat-shutdown] o.s.b.w.e.tomcat.GracefulShutdown        : Graceful shutdown complete
2025-01-13T21:03:39.096+05:30  INFO 17560 --- [amazon] [SpringApplicationShutdownHook] j.LocalContainerEntityManagerFactoryBean : Closing JPA EntityManagerFactory for persistence unit 'default'
2025-01-13T21:03:39.099+05:30  INFO 17560 --- [amazon] [SpringApplicationShutdownHook] com.zaxxer.hikari.HikariDataSource       : HikariPool-1 - Shutdown initiated...
2025-01-13T21:03:39.115+05:30  INFO 17560 --- [amazon] [SpringApplicationShutdownHook] com.zaxxer.hikari.HikariDataSource       : HikariPool-1 - Shutdown completed.
2025-01-13T21:04:09.414+05:30  INFO 8512 --- [amazon] [main] com.ecom.amazon.AmazonApplication        : Starting AmazonApplication using Java 21.0.1 with PID 8512 (C:\Users\KINJAL PAL\Downloads\Personel\amazon\amazon\target\classes started by KINJAL PAL in C:\Users\KINJAL PAL\Downloads\Personel\amazon)
2025-01-13T21:04:09.418+05:30  INFO 8512 --- [amazon] [main] com.ecom.amazon.AmazonApplication        : No active profile set, falling back to 1 default profile: "default"
2025-01-13T21:04:10.346+05:30  INFO 8512 --- [amazon] [main] .s.d.r.c.RepositoryConfigurationDelegate : Bootstrapping Spring Data JPA repositories in DEFAULT mode.
2025-01-13T21:04:10.473+05:30  INFO 8512 --- [amazon] [main] .s.d.r.c.RepositoryConfigurationDelegate : Finished Spring Data repository scanning in 112 ms. Found 14 JPA repository interfaces.
2025-01-13T21:04:11.486+05:30  INFO 8512 --- [amazon] [main] o.s.b.w.embedded.tomcat.TomcatWebServer  : Tomcat initialized with port 8080 (http)
2025-01-13T21:04:11.503+05:30  INFO 8512 --- [amazon] [main] o.apache.catalina.core.StandardService   : Starting service [Tomcat]
2025-01-13T21:04:11.503+05:30  INFO 8512 --- [amazon] [main] o.apache.catalina.core.StandardEngine    : Starting Servlet engine: [Apache Tomcat/10.1.34]
2025-01-13T21:04:11.560+05:30  INFO 8512 --- [amazon] [main] o.a.c.c.C.[Tomcat].[localhost].[/]       : Initializing Spring embedded WebApplicationContext
2025-01-13T21:04:11.561+05:30  INFO 8512 --- [amazon] [main] w.s.c.ServletWebServerApplicationContext : Root WebApplicationContext: initialization completed in 2078 ms
2025-01-13T21:04:11.781+05:30  INFO 8512 --- [amazon] [main] o.hibernate.jpa.internal.util.LogHelper  : HHH000204: Processing PersistenceUnitInfo [name: default]
2025-01-13T21:04:11.883+05:30  INFO 8512 --- [amazon] [main] org.hibernate.Version                    : HHH000412: Hibernate ORM core version 6.6.4.Final
2025-01-13T21:04:11.941+05:30  INFO 8512 --- [amazon] [main] o.h.c.internal.RegionFactoryInitiator    : HHH000026: Second-level cache disabled
2025-01-13T21:04:12.538+05:30  INFO 8512 --- [amazon] [main] o.s.o.j.p.SpringPersistenceUnitInfo      : No LoadTimeWeaver setup: ignoring JPA class transformer
2025-01-13T21:04:12.559+05:30  INFO 8512 --- [amazon] [main] com.zaxxer.hikari.HikariDataSource       : HikariPool-1 - Starting...
2025-01-13T21:04:12.947+05:30  INFO 8512 --- [amazon] [main] com.zaxxer.hikari.pool.HikariPool        : HikariPool-1 - Added connection com.mysql.cj.jdbc.ConnectionImpl@28fa541
2025-01-13T21:04:12.949+05:30  INFO 8512 --- [amazon] [main] com.zaxxer.hikari.HikariDataSource       : HikariPool-1 - Start completed.
2025-01-13T21:04:12.996+05:30  WARN 8512 --- [amazon] [main] org.hibernate.orm.deprecation            : HHH90000025: MySQLDialect does not need to be specified explicitly using 'hibernate.dialect' (remove the property setting and it will be selected by default)
2025-01-13T21:04:13.015+05:30  INFO 8512 --- [amazon] [main] org.hibernate.orm.connections.pooling    : HHH10001005: Database info:
	Database JDBC URL [Connecting through datasource 'HikariDataSource (HikariPool-1)']
	Database driver: undefined/unknown
	Database version: 8.0.35
	Autocommit mode: undefined/unknown
	Isolation level: undefined/unknown
	Minimum pool size: undefined/unknown
	Maximum pool size: undefined/unknown
2025-01-13T21:04:14.225+05:30  INFO 8512 --- [amazon] [main] o.h.e.t.j.p.i.JtaPlatformInitiator       : HHH000489: No JTA platform available (set 'hibernate.transaction.jta.platform' to enable JTA platform integration)
2025-01-13T21:04:14.416+05:30  INFO 8512 --- [amazon] [main] j.LocalContainerEntityManagerFactoryBean : Initialized JPA EntityManagerFactory for persistence unit 'default'
2025-01-13T21:04:14.971+05:30  INFO 8512 --- [amazon] [main] r$InitializeUserDetailsManagerConfigurer : Global AuthenticationManager configured with UserDetailsService bean with name customUserDetailService
2025-01-13T21:04:15.077+05:30  INFO 8512 --- [amazon] [main] o.s.d.j.r.query.QueryEnhancerFactory     : Hibernate is in classpath; If applicable, HQL parser will be used.
2025-01-13T21:04:16.067+05:30  WARN 8512 --- [amazon] [main] JpaBaseConfiguration$JpaWebConfiguration : spring.jpa.open-in-view is enabled by default. Therefore, database queries may be performed during view rendering. Explicitly configure spring.jpa.open-in-view to disable this warning
2025-01-13T21:04:16.826+05:30  INFO 8512 --- [amazon] [main] o.s.b.w.embedded.tomcat.TomcatWebServer  : Tomcat started on port 8080 (http) with context path '/'
2025-01-13T21:04:16.837+05:30  INFO 8512 --- [amazon] [main] com.ecom.amazon.AmazonApplication        : Started AmazonApplication in 7.973 seconds (process running for 8.51)
2025-01-13T21:05:01.198+05:30  INFO 8512 --- [amazon] [http-nio-8080-exec-1] o.a.c.c.C.[Tomcat].[localhost].[/]       : Initializing Spring DispatcherServlet 'dispatcherServlet'
2025-01-13T21:05:01.199+05:30  INFO 8512 --- [amazon] [http-nio-8080-exec-1] o.s.web.servlet.DispatcherServlet        : Initializing Servlet 'dispatcherServlet'
2025-01-13T21:05:01.201+05:30  INFO 8512 --- [amazon] [http-nio-8080-exec-1] o.s.web.servlet.DispatcherServlet        : Completed initialization in 2 ms
2025-01-13T21:05:02.332+05:30  WARN 8512 --- [amazon] [http-nio-8080-exec-1] o.h.engine.jdbc.spi.SqlExceptionHelper   : SQL Error: 1062, SQLState: 23000
2025-01-13T21:05:02.333+05:30 ERROR 8512 --- [amazon] [http-nio-8080-exec-1] o.h.engine.jdbc.spi.SqlExceptionHelper   : Duplicate entry '7982900776' for key 'vendor.UKo08kdsyjgbedoj9am7rdr9fok'
2025-01-13T21:05:02.354+05:30 ERROR 8512 --- [amazon] [http-nio-8080-exec-1] o.a.c.c.C.[.[.[/].[dispatcherServlet]    : Servlet.service() for servlet [dispatcherServlet] in context with path [] threw exception [Request processing failed: com.ecom.amazon.CustomException.VendorException: Vendor creation failed (may be application loose connectivity to database)] with root cause

java.sql.SQLIntegrityConstraintViolationException: Duplicate entry '7982900776' for key 'vendor.UKo08kdsyjgbedoj9am7rdr9fok'
	at com.mysql.cj.jdbc.exceptions.SQLError.createSQLException(SQLError.java:109) ~[mysql-connector-j-9.1.0.jar:9.1.0]
	at com.mysql.cj.jdbc.exceptions.SQLExceptionsMapping.translateException(SQLExceptionsMapping.java:114) ~[mysql-connector-j-9.1.0.jar:9.1.0]
	at com.mysql.cj.jdbc.ClientPreparedStatement.executeInternal(ClientPreparedStatement.java:988) ~[mysql-connector-j-9.1.0.jar:9.1.0]
	at com.mysql.cj.jdbc.ClientPreparedStatement.executeUpdateInternal(ClientPreparedStatement.java:1166) ~[mysql-connector-j-9.1.0.jar:9.1.0]
	at com.mysql.cj.jdbc.ClientPreparedStatement.executeUpdateInternal(ClientPreparedStatement.java:1101) ~[mysql-connector-j-9.1.0.jar:9.1.0]
	at com.mysql.cj.jdbc.ClientPreparedStatement.executeLargeUpdate(ClientPreparedStatement.java:1467) ~[mysql-connector-j-9.1.0.jar:9.1.0]
	at com.mysql.cj.jdbc.ClientPreparedStatement.executeUpdate(ClientPreparedStatement.java:1084) ~[mysql-connector-j-9.1.0.jar:9.1.0]
	at com.zaxxer.hikari.pool.ProxyPreparedStatement.executeUpdate(ProxyPreparedStatement.java:61) ~[HikariCP-5.1.0.jar:na]
	at com.zaxxer.hikari.pool.HikariProxyPreparedStatement.executeUpdate(HikariProxyPreparedStatement.java) ~[HikariCP-5.1.0.jar:na]
	at org.hibernate.engine.jdbc.internal.ResultSetReturnImpl.executeUpdate(ResultSetReturnImpl.java:194) ~[hibernate-core-6.6.4.Final.jar:6.6.4.Final]
	at org.hibernate.engine.jdbc.mutation.internal.AbstractMutationExecutor.performNonBatchedMutation(AbstractMutationExecutor.java:134) ~[hibernate-core-6.6.4.Final.jar:6.6.4.Final]
	at org.hibernate.engine.jdbc.mutation.internal.MutationExecutorSingleNonBatched.performNonBatchedOperations(MutationExecutorSingleNonBatched.java:55) ~[hibernate-core-6.6.4.Final.jar:6.6.4.Final]
	at org.hibernate.engine.jdbc.mutation.internal.AbstractMutationExecutor.execute(AbstractMutationExecutor.java:55) ~[hibernate-core-6.6.4.Final.jar:6.6.4.Final]
	at org.hibernate.persister.entity.mutation.InsertCoordinatorStandard.doStaticInserts(InsertCoordinatorStandard.java:194) ~[hibernate-core-6.6.4.Final.jar:6.6.4.Final]
	at org.hibernate.persister.entity.mutation.InsertCoordinatorStandard.coordinateInsert(InsertCoordinatorStandard.java:132) ~[hibernate-core-6.6.4.Final.jar:6.6.4.Final]
	at org.hibernate.persister.entity.mutation.InsertCoordinatorStandard.insert(InsertCoordinatorStandard.java:104) ~[hibernate-core-6.6.4.Final.jar:6.6.4.Final]
	at org.hibernate.action.internal.EntityInsertAction.execute(EntityInsertAction.java:110) ~[hibernate-core-6.6.4.Final.jar:6.6.4.Final]
	at org.hibernate.engine.spi.ActionQueue.executeActions(ActionQueue.java:644) ~[hibernate-core-6.6.4.Final.jar:6.6.4.Final]
	at org.hibernate.engine.spi.ActionQueue.executeActions(ActionQueue.java:511) ~[hibernate-core-6.6.4.Final.jar:6.6.4.Final]
	at org.hibernate.event.internal.AbstractFlushingEventListener.performExecutions(AbstractFlushingEventListener.java:414) ~[hibernate-core-6.6.4.Final.jar:6.6.4.Final]
	at org.hibernate.event.internal.DefaultFlushEventListener.onFlush(DefaultFlushEventListener.java:41) ~[hibernate-core-6.6.4.Final.jar:6.6.4.Final]
	at org.hibernate.event.service.internal.EventListenerGroupImpl.fireEventOnEachListener(EventListenerGroupImpl.java:127) ~[hibernate-core-6.6.4.Final.jar:6.6.4.Final]
	at org.hibernate.internal.SessionImpl.doFlush(SessionImpl.java:1429) ~[hibernate-core-6.6.4.Final.jar:6.6.4.Final]
	at org.hibernate.internal.SessionImpl.managedFlush(SessionImpl.java:491) ~[hibernate-core-6.6.4.Final.jar:6.6.4.Final]
	at org.hibernate.internal.SessionImpl.flushBeforeTransactionCompletion(SessionImpl.java:2354) ~[hibernate-core-6.6.4.Final.jar:6.6.4.Final]
	at org.hibernate.internal.SessionImpl.beforeTransactionCompletion(SessionImpl.java:1978) ~[hibernate-core-6.6.4.Final.jar:6.6.4.Final]
	at org.hibernate.engine.jdbc.internal.JdbcCoordinatorImpl.beforeTransactionCompletion(JdbcCoordinatorImpl.java:439) ~[hibernate-core-6.6.4.Final.jar:6.6.4.Final]
	at org.hibernate.resource.transaction.backend.jdbc.internal.JdbcResourceLocalTransactionCoordinatorImpl.beforeCompletionCallback(JdbcResourceLocalTransactionCoordinatorImpl.java:169) ~[hibernate-core-6.6.4.Final.jar:6.6.4.Final]
	at org.hibernate.resource.transaction.backend.jdbc.internal.JdbcResourceLocalTransactionCoordinatorImpl$TransactionDriverControlImpl.commit(JdbcResourceLocalTransactionCoordinatorImpl.java:267) ~[hibernate-core-6.6.4.Final.jar:6.6.4.Final]
	at org.hibernate.engine.transaction.internal.TransactionImpl.commit(TransactionImpl.java:101) ~[hibernate-core-6.6.4.Final.jar:6.6.4.Final]
	at org.springframework.orm.jpa.JpaTransactionManager.doCommit(JpaTransactionManager.java:562) ~[spring-orm-6.2.1.jar:6.2.1]
	at org.springframework.transaction.support.AbstractPlatformTransactionManager.processCommit(AbstractPlatformTransactionManager.java:795) ~[spring-tx-6.2.1.jar:6.2.1]
	at org.springframework.transaction.support.AbstractPlatformTransactionManager.commit(AbstractPlatformTransactionManager.java:758) ~[spring-tx-6.2.1.jar:6.2.1]
	at org.springframework.transaction.interceptor.TransactionAspectSupport.commitTransactionAfterReturning(TransactionAspectSupport.java:698) ~[spring-tx-6.2.1.jar:6.2.1]
	at org.springframework.transaction.interceptor.TransactionAspectSupport.invokeWithinTransaction(TransactionAspectSupport.java:416) ~[spring-tx-6.2.1.jar:6.2.1]
	at org.springframework.transaction.interceptor.TransactionInterceptor.invoke(TransactionInterceptor.java:119) ~[spring-tx-6.2.1.jar:6.2.1]
	at org.springframework.aop.framework.ReflectiveMethodInvocation.proceed(ReflectiveMethodInvocation.java:184) ~[spring-aop-6.2.1.jar:6.2.1]
	at org.springframework.dao.support.PersistenceExceptionTranslationInterceptor.invoke(PersistenceExceptionTranslationInterceptor.java:138) ~[spring-tx-6.2.1.jar:6.2.1]
	at org.springframework.aop.framework.ReflectiveMethodInvocation.proceed(ReflectiveMethodInvocation.java:184) ~[spring-aop-6.2.1.jar:6.2.1]
	at org.springframework.data.jpa.repository.support.CrudMethodMetadataPostProcessor$CrudMethodMetadataPopulatingMethodInterceptor.invoke(CrudMethodMetadataPostProcessor.java:165) ~[spring-data-jpa-3.4.1.jar:3.4.1]
	at org.springframework.aop.framework.ReflectiveMethodInvocation.proceed(ReflectiveMethodInvocation.java:184) ~[spring-aop-6.2.1.jar:6.2.1]
	at org.springframework.aop.framework.JdkDynamicAopProxy.invoke(JdkDynamicAopProxy.java:223) ~[spring-aop-6.2.1.jar:6.2.1]
	at jdk.proxy2/jdk.proxy2.$Proxy134.save(Unknown Source) ~[na:na]
	at com.ecom.amazon.Service.VendorService.createVendor(VendorService.java:30) ~[classes/:na]
	at com.ecom.amazon.Authentication.Authentication.vendorSignUp(Authentication.java:83) ~[classes/:na]
	at java.base/jdk.internal.reflect.DirectMethodHandleAccessor.invoke(DirectMethodHandleAccessor.java:103) ~[na:na]
	at java.base/java.lang.reflect.Method.invoke(Method.java:580) ~[na:na]
	at org.springframework.web.method.support.InvocableHandlerMethod.doInvoke(InvocableHandlerMethod.java:257) ~[spring-web-6.2.1.jar:6.2.1]
	at org.springframework.web.method.support.InvocableHandlerMethod.invokeForRequest(InvocableHandlerMethod.java:190) ~[spring-web-6.2.1.jar:6.2.1]
	at org.springframework.web.servlet.mvc.method.annotation.ServletInvocableHandlerMethod.invokeAndHandle(ServletInvocableHandlerMethod.java:118) ~[spring-webmvc-6.2.1.jar:6.2.1]
	at org.springframework.web.servlet.mvc.method.annotation.RequestMappingHandlerAdapter.invokeHandlerMethod(RequestMappingHandlerAdapter.java:986) ~[spring-webmvc-6.2.1.jar:6.2.1]
	at org.springframework.web.servlet.mvc.method.annotation.RequestMappingHandlerAdapter.handleInternal(RequestMappingHandlerAdapter.java:891) ~[spring-webmvc-6.2.1.jar:6.2.1]
	at org.springframework.web.servlet.mvc.method.AbstractHandlerMethodAdapter.handle(AbstractHandlerMethodAdapter.java:87) ~[spring-webmvc-6.2.1.jar:6.2.1]
	at org.springframework.web.servlet.DispatcherServlet.doDispatch(DispatcherServlet.java:1088) ~[spring-webmvc-6.2.1.jar:6.2.1]
	at org.springframework.web.servlet.DispatcherServlet.doService(DispatcherServlet.java:978) ~[spring-webmvc-6.2.1.jar:6.2.1]
	at org.springframework.web.servlet.FrameworkServlet.processRequest(FrameworkServlet.java:1014) ~[spring-webmvc-6.2.1.jar:6.2.1]
	at org.springframework.web.servlet.FrameworkServlet.doPost(FrameworkServlet.java:914) ~[spring-webmvc-6.2.1.jar:6.2.1]
	at jakarta.servlet.http.HttpServlet.service(HttpServlet.java:590) ~[tomcat-embed-core-10.1.34.jar:6.0]
	at org.springframework.web.servlet.FrameworkServlet.service(FrameworkServlet.java:885) ~[spring-webmvc-6.2.1.jar:6.2.1]
	at jakarta.servlet.http.HttpServlet.service(HttpServlet.java:658) ~[tomcat-embed-core-10.1.34.jar:6.0]
	at org.apache.catalina.core.ApplicationFilterChain.internalDoFilter(ApplicationFilterChain.java:195) ~[tomcat-embed-core-10.1.34.jar:10.1.34]
	at org.apache.catalina.core.ApplicationFilterChain.doFilter(ApplicationFilterChain.java:140) ~[tomcat-embed-core-10.1.34.jar:10.1.34]
	at org.apache.tomcat.websocket.server.WsFilter.doFilter(WsFilter.java:51) ~[tomcat-embed-websocket-10.1.34.jar:10.1.34]
	at org.apache.catalina.core.ApplicationFilterChain.internalDoFilter(ApplicationFilterChain.java:164) ~[tomcat-embed-core-10.1.34.jar:10.1.34]
	at org.apache.catalina.core.ApplicationFilterChain.doFilter(ApplicationFilterChain.java:140) ~[tomcat-embed-core-10.1.34.jar:10.1.34]
	at org.springframework.web.filter.OncePerRequestFilter.doFilter(OncePerRequestFilter.java:110) ~[spring-web-6.2.1.jar:6.2.1]
	at org.apache.catalina.core.ApplicationFilterChain.internalDoFilter(ApplicationFilterChain.java:164) ~[tomcat-embed-core-10.1.34.jar:10.1.34]
	at org.apache.catalina.core.ApplicationFilterChain.doFilter(ApplicationFilterChain.java:140) ~[tomcat-embed-core-10.1.34.jar:10.1.34]
	at org.springframework.web.filter.CompositeFilter$VirtualFilterChain.doFilter(CompositeFilter.java:108) ~[spring-web-6.2.1.jar:6.2.1]
	at org.springframework.security.web.FilterChainProxy.lambda$doFilterInternal$3(FilterChainProxy.java:231) ~[spring-security-web-6.4.2.jar:6.4.2]
	at org.springframework.security.web.FilterChainProxy$VirtualFilterChain.doFilter(FilterChainProxy.java:365) ~[spring-security-web-6.4.2.jar:6.4.2]
	at org.springframework.security.web.access.intercept.AuthorizationFilter.doFilter(AuthorizationFilter.java:101) ~[spring-security-web-6.4.2.jar:6.4.2]
	at org.springframework.security.web.FilterChainProxy$VirtualFilterChain.doFilter(FilterChainProxy.java:374) ~[spring-security-web-6.4.2.jar:6.4.2]
	at org.springframework.security.web.access.ExceptionTranslationFilter.doFilter(ExceptionTranslationFilter.java:126) ~[spring-security-web-6.4.2.jar:6.4.2]
	at org.springframework.security.web.access.ExceptionTranslationFilter.doFilter(ExceptionTranslationFilter.java:120) ~[spring-security-web-6.4.2.jar:6.4.2]
	at org.springframework.security.web.FilterChainProxy$VirtualFilterChain.doFilter(FilterChainProxy.java:374) ~[spring-security-web-6.4.2.jar:6.4.2]
	at org.springframework.security.web.session.SessionManagementFilter.doFilter(SessionManagementFilter.java:131) ~[spring-security-web-6.4.2.jar:6.4.2]
	at org.springframework.security.web.session.SessionManagementFilter.doFilter(SessionManagementFilter.java:85) ~[spring-security-web-6.4.2.jar:6.4.2]
	at org.springframework.security.web.FilterChainProxy$VirtualFilterChain.doFilter(FilterChainProxy.java:374) ~[spring-security-web-6.4.2.jar:6.4.2]
	at org.springframework.security.web.authentication.AnonymousAuthenticationFilter.doFilter(AnonymousAuthenticationFilter.java:100) ~[spring-security-web-6.4.2.jar:6.4.2]
	at org.springframework.security.web.FilterChainProxy$VirtualFilterChain.doFilter(FilterChainProxy.java:374) ~[spring-security-web-6.4.2.jar:6.4.2]
	at org.springframework.security.web.servletapi.SecurityContextHolderAwareRequestFilter.doFilter(SecurityContextHolderAwareRequestFilter.java:179) ~[spring-security-web-6.4.2.jar:6.4.2]
	at org.springframework.security.web.FilterChainProxy$VirtualFilterChain.doFilter(FilterChainProxy.java:374) ~[spring-security-web-6.4.2.jar:6.4.2]
	at org.springframework.security.web.savedrequest.RequestCacheAwareFilter.doFilter(RequestCacheAwareFilter.java:63) ~[spring-security-web-6.4.2.jar:6.4.2]
	at org.springframework.security.web.FilterChainProxy$VirtualFilterChain.doFilter(FilterChainProxy.java:374) ~[spring-security-web-6.4.2.jar:6.4.2]
	at com.ecom.amazon.Jwt.JwtAuthenticationFilter.doFilterInternal(JwtAuthenticationFilter.java:67) ~[classes/:na]
	at org.springframework.web.filter.OncePerRequestFilter.doFilter(OncePerRequestFilter.java:116) ~[spring-web-6.2.1.jar:6.2.1]
	at org.springframework.security.web.FilterChainProxy$VirtualFilterChain.doFilter(FilterChainProxy.java:374) ~[spring-security-web-6.4.2.jar:6.4.2]
	at org.springframework.security.web.authentication.logout.LogoutFilter.doFilter(LogoutFilter.java:107) ~[spring-security-web-6.4.2.jar:6.4.2]
	at org.springframework.security.web.authentication.logout.LogoutFilter.doFilter(LogoutFilter.java:93) ~[spring-security-web-6.4.2.jar:6.4.2]
	at org.springframework.security.web.FilterChainProxy$VirtualFilterChain.doFilter(FilterChainProxy.java:374) ~[spring-security-web-6.4.2.jar:6.4.2]
	at org.springframework.security.web.header.HeaderWriterFilter.doHeadersAfter(HeaderWriterFilter.java:90) ~[spring-security-web-6.4.2.jar:6.4.2]
	at org.springframework.security.web.header.HeaderWriterFilter.doFilterInternal(HeaderWriterFilter.java:75) ~[spring-security-web-6.4.2.jar:6.4.2]
	at org.springframework.web.filter.OncePerRequestFilter.doFilter(OncePerRequestFilter.java:116) ~[spring-web-6.2.1.jar:6.2.1]
	at org.springframework.security.web.FilterChainProxy$VirtualFilterChain.doFilter(FilterChainProxy.java:374) ~[spring-security-web-6.4.2.jar:6.4.2]
	at org.springframework.security.web.context.SecurityContextHolderFilter.doFilter(SecurityContextHolderFilter.java:82) ~[spring-security-web-6.4.2.jar:6.4.2]
	at org.springframework.security.web.context.SecurityContextHolderFilter.doFilter(SecurityContextHolderFilter.java:69) ~[spring-security-web-6.4.2.jar:6.4.2]
	at org.springframework.security.web.FilterChainProxy$VirtualFilterChain.doFilter(FilterChainProxy.java:374) ~[spring-security-web-6.4.2.jar:6.4.2]
	at org.springframework.security.web.context.request.async.WebAsyncManagerIntegrationFilter.doFilterInternal(WebAsyncManagerIntegrationFilter.java:62) ~[spring-security-web-6.4.2.jar:6.4.2]
	at org.springframework.web.filter.OncePerRequestFilter.doFilter(OncePerRequestFilter.java:116) ~[spring-web-6.2.1.jar:6.2.1]
	at org.springframework.security.web.FilterChainProxy$VirtualFilterChain.doFilter(FilterChainProxy.java:374) ~[spring-security-web-6.4.2.jar:6.4.2]
	at org.springframework.security.web.session.DisableEncodeUrlFilter.doFilterInternal(DisableEncodeUrlFilter.java:42) ~[spring-security-web-6.4.2.jar:6.4.2]
	at org.springframework.web.filter.OncePerRequestFilter.doFilter(OncePerRequestFilter.java:116) ~[spring-web-6.2.1.jar:6.2.1]
	at org.springframework.security.web.FilterChainProxy$VirtualFilterChain.doFilter(FilterChainProxy.java:374) ~[spring-security-web-6.4.2.jar:6.4.2]
	at org.springframework.security.web.FilterChainProxy.doFilterInternal(FilterChainProxy.java:233) ~[spring-security-web-6.4.2.jar:6.4.2]
	at org.springframework.security.web.FilterChainProxy.doFilter(FilterChainProxy.java:191) ~[spring-security-web-6.4.2.jar:6.4.2]
	at org.springframework.web.filter.CompositeFilter$VirtualFilterChain.doFilter(CompositeFilter.java:113) ~[spring-web-6.2.1.jar:6.2.1]
	at org.springframework.web.servlet.handler.HandlerMappingIntrospector.lambda$createCacheFilter$3(HandlerMappingIntrospector.java:243) ~[spring-webmvc-6.2.1.jar:6.2.1]
	at org.springframework.web.filter.CompositeFilter$VirtualFilterChain.doFilter(CompositeFilter.java:113) ~[spring-web-6.2.1.jar:6.2.1]
	at org.springframework.web.filter.CompositeFilter.doFilter(CompositeFilter.java:74) ~[spring-web-6.2.1.jar:6.2.1]
	at org.springframework.security.config.annotation.web.configuration.WebMvcSecurityConfiguration$CompositeFilterChainProxy.doFilter(WebMvcSecurityConfiguration.java:238) ~[spring-security-config-6.4.2.jar:6.4.2]
	at org.springframework.web.filter.DelegatingFilterProxy.invokeDelegate(DelegatingFilterProxy.java:362) ~[spring-web-6.2.1.jar:6.2.1]
	at org.springframework.web.filter.DelegatingFilterProxy.doFilter(DelegatingFilterProxy.java:278) ~[spring-web-6.2.1.jar:6.2.1]
	at org.apache.catalina.core.ApplicationFilterChain.internalDoFilter(ApplicationFilterChain.java:164) ~[tomcat-embed-core-10.1.34.jar:10.1.34]
	at org.apache.catalina.core.ApplicationFilterChain.doFilter(ApplicationFilterChain.java:140) ~[tomcat-embed-core-10.1.34.jar:10.1.34]
	at org.springframework.web.filter.RequestContextFilter.doFilterInternal(RequestContextFilter.java:100) ~[spring-web-6.2.1.jar:6.2.1]
	at org.springframework.web.filter.OncePerRequestFilter.doFilter(OncePerRequestFilter.java:116) ~[spring-web-6.2.1.jar:6.2.1]
	at org.apache.catalina.core.ApplicationFilterChain.internalDoFilter(ApplicationFilterChain.java:164) ~[tomcat-embed-core-10.1.34.jar:10.1.34]
	at org.apache.catalina.core.ApplicationFilterChain.doFilter(ApplicationFilterChain.java:140) ~[tomcat-embed-core-10.1.34.jar:10.1.34]
	at org.springframework.web.filter.FormContentFilter.doFilterInternal(FormContentFilter.java:93) ~[spring-web-6.2.1.jar:6.2.1]
	at org.springframework.web.filter.OncePerRequestFilter.doFilter(OncePerRequestFilter.java:116) ~[spring-web-6.2.1.jar:6.2.1]
	at org.apache.catalina.core.ApplicationFilterChain.internalDoFilter(ApplicationFilterChain.java:164) ~[tomcat-embed-core-10.1.34.jar:10.1.34]
	at org.apache.catalina.core.ApplicationFilterChain.doFilter(ApplicationFilterChain.java:140) ~[tomcat-embed-core-10.1.34.jar:10.1.34]
	at org.springframework.web.filter.CharacterEncodingFilter.doFilterInternal(CharacterEncodingFilter.java:201) ~[spring-web-6.2.1.jar:6.2.1]
	at org.springframework.web.filter.OncePerRequestFilter.doFilter(OncePerRequestFilter.java:116) ~[spring-web-6.2.1.jar:6.2.1]
	at org.apache.catalina.core.ApplicationFilterChain.internalDoFilter(ApplicationFilterChain.java:164) ~[tomcat-embed-core-10.1.34.jar:10.1.34]
	at org.apache.catalina.core.ApplicationFilterChain.doFilter(ApplicationFilterChain.java:140) ~[tomcat-embed-core-10.1.34.jar:10.1.34]
	at org.apache.catalina.core.StandardWrapperValve.invoke(StandardWrapperValve.java:167) ~[tomcat-embed-core-10.1.34.jar:10.1.34]
	at org.apache.catalina.core.StandardContextValve.invoke(StandardContextValve.java:90) ~[tomcat-embed-core-10.1.34.jar:10.1.34]
	at org.apache.catalina.authenticator.AuthenticatorBase.invoke(AuthenticatorBase.java:483) ~[tomcat-embed-core-10.1.34.jar:10.1.34]
	at org.apache.catalina.core.StandardHostValve.invoke(StandardHostValve.java:115) ~[tomcat-embed-core-10.1.34.jar:10.1.34]
	at org.apache.catalina.valves.ErrorReportValve.invoke(ErrorReportValve.java:93) ~[tomcat-embed-core-10.1.34.jar:10.1.34]
	at org.apache.catalina.core.StandardEngineValve.invoke(StandardEngineValve.java:74) ~[tomcat-embed-core-10.1.34.jar:10.1.34]
	at org.apache.catalina.connector.CoyoteAdapter.service(CoyoteAdapter.java:344) ~[tomcat-embed-core-10.1.34.jar:10.1.34]
	at org.apache.coyote.http11.Http11Processor.service(Http11Processor.java:397) ~[tomcat-embed-core-10.1.34.jar:10.1.34]
	at org.apache.coyote.AbstractProcessorLight.process(AbstractProcessorLight.java:63) ~[tomcat-embed-core-10.1.34.jar:10.1.34]
	at org.apache.coyote.AbstractProtocol$ConnectionHandler.process(AbstractProtocol.java:905) ~[tomcat-embed-core-10.1.34.jar:10.1.34]
	at org.apache.tomcat.util.net.NioEndpoint$SocketProcessor.doRun(NioEndpoint.java:1741) ~[tomcat-embed-core-10.1.34.jar:10.1.34]
	at org.apache.tomcat.util.net.SocketProcessorBase.run(SocketProcessorBase.java:52) ~[tomcat-embed-core-10.1.34.jar:10.1.34]
	at org.apache.tomcat.util.threads.ThreadPoolExecutor.runWorker(ThreadPoolExecutor.java:1190) ~[tomcat-embed-core-10.1.34.jar:10.1.34]
	at org.apache.tomcat.util.threads.ThreadPoolExecutor$Worker.run(ThreadPoolExecutor.java:659) ~[tomcat-embed-core-10.1.34.jar:10.1.34]
	at org.apache.tomcat.util.threads.TaskThread$WrappingRunnable.run(TaskThread.java:63) ~[tomcat-embed-core-10.1.34.jar:10.1.34]
	at java.base/java.lang.Thread.run(Thread.java:1583) ~[na:na]

2025-01-13T21:07:43.709+05:30  INFO 8512 --- [amazon] [SpringApplicationShutdownHook] o.s.b.w.e.tomcat.GracefulShutdown        : Commencing graceful shutdown. Waiting for active requests to complete
2025-01-13T21:07:43.720+05:30  INFO 8512 --- [amazon] [tomcat-shutdown] o.s.b.w.e.tomcat.GracefulShutdown        : Graceful shutdown complete
2025-01-13T21:07:43.723+05:30  INFO 8512 --- [amazon] [SpringApplicationShutdownHook] j.LocalContainerEntityManagerFactoryBean : Closing JPA EntityManagerFactory for persistence unit 'default'
2025-01-13T21:07:43.725+05:30  INFO 8512 --- [amazon] [SpringApplicationShutdownHook] com.zaxxer.hikari.HikariDataSource       : HikariPool-1 - Shutdown initiated...
2025-01-13T21:07:43.739+05:30  INFO 8512 --- [amazon] [SpringApplicationShutdownHook] com.zaxxer.hikari.HikariDataSource       : HikariPool-1 - Shutdown completed.
2025-01-13T21:07:47.056+05:30  INFO 2820 --- [amazon] [main] com.ecom.amazon.AmazonApplication        : Starting AmazonApplication using Java 21.0.1 with PID 2820 (C:\Users\KINJAL PAL\Downloads\Personel\amazon\amazon\target\classes started by KINJAL PAL in C:\Users\KINJAL PAL\Downloads\Personel\amazon)
2025-01-13T21:07:47.059+05:30  INFO 2820 --- [amazon] [main] com.ecom.amazon.AmazonApplication        : No active profile set, falling back to 1 default profile: "default"
2025-01-13T21:07:48.169+05:30  INFO 2820 --- [amazon] [main] .s.d.r.c.RepositoryConfigurationDelegate : Bootstrapping Spring Data JPA repositories in DEFAULT mode.
2025-01-13T21:07:48.397+05:30  INFO 2820 --- [amazon] [main] .s.d.r.c.RepositoryConfigurationDelegate : Finished Spring Data repository scanning in 191 ms. Found 14 JPA repository interfaces.
2025-01-13T21:07:49.640+05:30  INFO 2820 --- [amazon] [main] o.s.b.w.embedded.tomcat.TomcatWebServer  : Tomcat initialized with port 8080 (http)
2025-01-13T21:07:49.655+05:30  INFO 2820 --- [amazon] [main] o.apache.catalina.core.StandardService   : Starting service [Tomcat]
2025-01-13T21:07:49.655+05:30  INFO 2820 --- [amazon] [main] o.apache.catalina.core.StandardEngine    : Starting Servlet engine: [Apache Tomcat/10.1.34]
2025-01-13T21:07:49.707+05:30  INFO 2820 --- [amazon] [main] o.a.c.c.C.[Tomcat].[localhost].[/]       : Initializing Spring embedded WebApplicationContext
2025-01-13T21:07:49.708+05:30  INFO 2820 --- [amazon] [main] w.s.c.ServletWebServerApplicationContext : Root WebApplicationContext: initialization completed in 2578 ms
2025-01-13T21:07:49.967+05:30  INFO 2820 --- [amazon] [main] o.hibernate.jpa.internal.util.LogHelper  : HHH000204: Processing PersistenceUnitInfo [name: default]
2025-01-13T21:07:50.052+05:30  INFO 2820 --- [amazon] [main] org.hibernate.Version                    : HHH000412: Hibernate ORM core version 6.6.4.Final
2025-01-13T21:07:50.089+05:30  INFO 2820 --- [amazon] [main] o.h.c.internal.RegionFactoryInitiator    : HHH000026: Second-level cache disabled
2025-01-13T21:07:50.449+05:30  INFO 2820 --- [amazon] [main] o.s.o.j.p.SpringPersistenceUnitInfo      : No LoadTimeWeaver setup: ignoring JPA class transformer
2025-01-13T21:07:50.497+05:30  INFO 2820 --- [amazon] [main] com.zaxxer.hikari.HikariDataSource       : HikariPool-1 - Starting...
2025-01-13T21:07:50.870+05:30  INFO 2820 --- [amazon] [main] com.zaxxer.hikari.pool.HikariPool        : HikariPool-1 - Added connection com.mysql.cj.jdbc.ConnectionImpl@4a336377
2025-01-13T21:07:50.872+05:30  INFO 2820 --- [amazon] [main] com.zaxxer.hikari.HikariDataSource       : HikariPool-1 - Start completed.
2025-01-13T21:07:50.929+05:30  WARN 2820 --- [amazon] [main] org.hibernate.orm.deprecation            : HHH90000025: MySQLDialect does not need to be specified explicitly using 'hibernate.dialect' (remove the property setting and it will be selected by default)
2025-01-13T21:07:50.951+05:30  INFO 2820 --- [amazon] [main] org.hibernate.orm.connections.pooling    : HHH10001005: Database info:
	Database JDBC URL [Connecting through datasource 'HikariDataSource (HikariPool-1)']
	Database driver: undefined/unknown
	Database version: 8.0.35
	Autocommit mode: undefined/unknown
	Isolation level: undefined/unknown
	Minimum pool size: undefined/unknown
	Maximum pool size: undefined/unknown
2025-01-13T21:07:52.045+05:30  INFO 2820 --- [amazon] [main] o.h.e.t.j.p.i.JtaPlatformInitiator       : HHH000489: No JTA platform available (set 'hibernate.transaction.jta.platform' to enable JTA platform integration)
2025-01-13T21:07:52.247+05:30  INFO 2820 --- [amazon] [main] j.LocalContainerEntityManagerFactoryBean : Initialized JPA EntityManagerFactory for persistence unit 'default'
2025-01-13T21:07:52.822+05:30  INFO 2820 --- [amazon] [main] r$InitializeUserDetailsManagerConfigurer : Global AuthenticationManager configured with UserDetailsService bean with name customUserDetailService
2025-01-13T21:07:52.973+05:30  INFO 2820 --- [amazon] [main] o.s.d.j.r.query.QueryEnhancerFactory     : Hibernate is in classpath; If applicable, HQL parser will be used.
2025-01-13T21:07:54.151+05:30  WARN 2820 --- [amazon] [main] JpaBaseConfiguration$JpaWebConfiguration : spring.jpa.open-in-view is enabled by default. Therefore, database queries may be performed during view rendering. Explicitly configure spring.jpa.open-in-view to disable this warning
2025-01-13T21:07:55.088+05:30  INFO 2820 --- [amazon] [main] o.s.b.w.embedded.tomcat.TomcatWebServer  : Tomcat started on port 8080 (http) with context path '/'
2025-01-13T21:07:55.097+05:30  INFO 2820 --- [amazon] [main] com.ecom.amazon.AmazonApplication        : Started AmazonApplication in 8.628 seconds (process running for 9.072)
2025-01-13T21:08:06.599+05:30  INFO 2820 --- [amazon] [http-nio-8080-exec-1] o.a.c.c.C.[Tomcat].[localhost].[/]       : Initializing Spring DispatcherServlet 'dispatcherServlet'
2025-01-13T21:08:06.600+05:30  INFO 2820 --- [amazon] [http-nio-8080-exec-1] o.s.web.servlet.DispatcherServlet        : Initializing Servlet 'dispatcherServlet'
2025-01-13T21:08:06.601+05:30  INFO 2820 --- [amazon] [http-nio-8080-exec-1] o.s.web.servlet.DispatcherServlet        : Completed initialization in 1 ms
2025-01-13T21:08:31.779+05:30  INFO 2820 --- [amazon] [SpringApplicationShutdownHook] o.s.b.w.e.tomcat.GracefulShutdown        : Commencing graceful shutdown. Waiting for active requests to complete
2025-01-13T21:08:31.793+05:30  INFO 2820 --- [amazon] [tomcat-shutdown] o.s.b.w.e.tomcat.GracefulShutdown        : Graceful shutdown complete
2025-01-13T21:08:31.797+05:30  INFO 2820 --- [amazon] [SpringApplicationShutdownHook] j.LocalContainerEntityManagerFactoryBean : Closing JPA EntityManagerFactory for persistence unit 'default'
2025-01-13T21:08:31.798+05:30  INFO 2820 --- [amazon] [SpringApplicationShutdownHook] com.zaxxer.hikari.HikariDataSource       : HikariPool-1 - Shutdown initiated...
2025-01-13T21:08:31.809+05:30  INFO 2820 --- [amazon] [SpringApplicationShutdownHook] com.zaxxer.hikari.HikariDataSource       : HikariPool-1 - Shutdown completed.
2025-01-13T21:08:35.217+05:30  INFO 6556 --- [amazon] [main] com.ecom.amazon.AmazonApplication        : Starting AmazonApplication using Java 21.0.1 with PID 6556 (C:\Users\KINJAL PAL\Downloads\Personel\amazon\amazon\target\classes started by KINJAL PAL in C:\Users\KINJAL PAL\Downloads\Personel\amazon)
2025-01-13T21:08:35.221+05:30  INFO 6556 --- [amazon] [main] com.ecom.amazon.AmazonApplication        : No active profile set, falling back to 1 default profile: "default"
2025-01-13T21:08:36.258+05:30  INFO 6556 --- [amazon] [main] .s.d.r.c.RepositoryConfigurationDelegate : Bootstrapping Spring Data JPA repositories in DEFAULT mode.
2025-01-13T21:08:36.406+05:30  INFO 6556 --- [amazon] [main] .s.d.r.c.RepositoryConfigurationDelegate : Finished Spring Data repository scanning in 134 ms. Found 14 JPA repository interfaces.
2025-01-13T21:08:37.277+05:30  INFO 6556 --- [amazon] [main] o.s.b.w.embedded.tomcat.TomcatWebServer  : Tomcat initialized with port 8080 (http)
2025-01-13T21:08:37.297+05:30  INFO 6556 --- [amazon] [main] o.apache.catalina.core.StandardService   : Starting service [Tomcat]
2025-01-13T21:08:37.297+05:30  INFO 6556 --- [amazon] [main] o.apache.catalina.core.StandardEngine    : Starting Servlet engine: [Apache Tomcat/10.1.34]
2025-01-13T21:08:37.346+05:30  INFO 6556 --- [amazon] [main] o.a.c.c.C.[Tomcat].[localhost].[/]       : Initializing Spring embedded WebApplicationContext
2025-01-13T21:08:37.346+05:30  INFO 6556 --- [amazon] [main] w.s.c.ServletWebServerApplicationContext : Root WebApplicationContext: initialization completed in 2033 ms
2025-01-13T21:08:37.554+05:30  INFO 6556 --- [amazon] [main] o.hibernate.jpa.internal.util.LogHelper  : HHH000204: Processing PersistenceUnitInfo [name: default]
2025-01-13T21:08:37.652+05:30  INFO 6556 --- [amazon] [main] org.hibernate.Version                    : HHH000412: Hibernate ORM core version 6.6.4.Final
2025-01-13T21:08:37.698+05:30  INFO 6556 --- [amazon] [main] o.h.c.internal.RegionFactoryInitiator    : HHH000026: Second-level cache disabled
2025-01-13T21:08:38.064+05:30  INFO 6556 --- [amazon] [main] o.s.o.j.p.SpringPersistenceUnitInfo      : No LoadTimeWeaver setup: ignoring JPA class transformer
2025-01-13T21:08:38.096+05:30  INFO 6556 --- [amazon] [main] com.zaxxer.hikari.HikariDataSource       : HikariPool-1 - Starting...
2025-01-13T21:08:38.517+05:30  INFO 6556 --- [amazon] [main] com.zaxxer.hikari.pool.HikariPool        : HikariPool-1 - Added connection com.mysql.cj.jdbc.ConnectionImpl@5f6a8efe
2025-01-13T21:08:38.521+05:30  INFO 6556 --- [amazon] [main] com.zaxxer.hikari.HikariDataSource       : HikariPool-1 - Start completed.
2025-01-13T21:08:38.568+05:30  WARN 6556 --- [amazon] [main] org.hibernate.orm.deprecation            : HHH90000025: MySQLDialect does not need to be specified explicitly using 'hibernate.dialect' (remove the property setting and it will be selected by default)
2025-01-13T21:08:38.602+05:30  INFO 6556 --- [amazon] [main] org.hibernate.orm.connections.pooling    : HHH10001005: Database info:
	Database JDBC URL [Connecting through datasource 'HikariDataSource (HikariPool-1)']
	Database driver: undefined/unknown
	Database version: 8.0.35
	Autocommit mode: undefined/unknown
	Isolation level: undefined/unknown
	Minimum pool size: undefined/unknown
	Maximum pool size: undefined/unknown
2025-01-13T21:08:39.732+05:30  INFO 6556 --- [amazon] [main] o.h.e.t.j.p.i.JtaPlatformInitiator       : HHH000489: No JTA platform available (set 'hibernate.transaction.jta.platform' to enable JTA platform integration)
2025-01-13T21:08:39.927+05:30  INFO 6556 --- [amazon] [main] j.LocalContainerEntityManagerFactoryBean : Initialized JPA EntityManagerFactory for persistence unit 'default'
2025-01-13T21:08:40.520+05:30  INFO 6556 --- [amazon] [main] r$InitializeUserDetailsManagerConfigurer : Global AuthenticationManager configured with UserDetailsService bean with name customUserDetailService
2025-01-13T21:08:40.632+05:30  INFO 6556 --- [amazon] [main] o.s.d.j.r.query.QueryEnhancerFactory     : Hibernate is in classpath; If applicable, HQL parser will be used.
2025-01-13T21:08:41.644+05:30  WARN 6556 --- [amazon] [main] JpaBaseConfiguration$JpaWebConfiguration : spring.jpa.open-in-view is enabled by default. Therefore, database queries may be performed during view rendering. Explicitly configure spring.jpa.open-in-view to disable this warning
2025-01-13T21:08:42.358+05:30  INFO 6556 --- [amazon] [main] o.s.b.w.embedded.tomcat.TomcatWebServer  : Tomcat started on port 8080 (http) with context path '/'
2025-01-13T21:08:42.366+05:30  INFO 6556 --- [amazon] [main] com.ecom.amazon.AmazonApplication        : Started AmazonApplication in 7.799 seconds (process running for 8.289)
2025-01-13T21:08:48.405+05:30  INFO 6556 --- [amazon] [http-nio-8080-exec-2] o.a.c.c.C.[Tomcat].[localhost].[/]       : Initializing Spring DispatcherServlet 'dispatcherServlet'
2025-01-13T21:08:48.405+05:30  INFO 6556 --- [amazon] [http-nio-8080-exec-2] o.s.web.servlet.DispatcherServlet        : Initializing Servlet 'dispatcherServlet'
2025-01-13T21:08:48.406+05:30  INFO 6556 --- [amazon] [http-nio-8080-exec-2] o.s.web.servlet.DispatcherServlet        : Completed initialization in 0 ms
2025-01-13T21:31:59.012+05:30  INFO 6556 --- [amazon] [SpringApplicationShutdownHook] o.s.b.w.e.tomcat.GracefulShutdown        : Commencing graceful shutdown. Waiting for active requests to complete
2025-01-13T21:31:59.032+05:30  INFO 6556 --- [amazon] [tomcat-shutdown] o.s.b.w.e.tomcat.GracefulShutdown        : Graceful shutdown complete
2025-01-13T21:31:59.040+05:30  INFO 6556 --- [amazon] [SpringApplicationShutdownHook] j.LocalContainerEntityManagerFactoryBean : Closing JPA EntityManagerFactory for persistence unit 'default'
2025-01-13T21:31:59.048+05:30  INFO 6556 --- [amazon] [SpringApplicationShutdownHook] com.zaxxer.hikari.HikariDataSource       : HikariPool-1 - Shutdown initiated...
2025-01-13T21:31:59.067+05:30  INFO 6556 --- [amazon] [SpringApplicationShutdownHook] com.zaxxer.hikari.HikariDataSource       : HikariPool-1 - Shutdown completed.
2025-01-13T21:32:04.080+05:30  INFO 17344 --- [amazon] [main] com.ecom.amazon.AmazonApplication        : Starting AmazonApplication using Java 21.0.1 with PID 17344 (C:\Users\KINJAL PAL\Downloads\Personel\amazon\amazon\target\classes started by KINJAL PAL in C:\Users\KINJAL PAL\Downloads\Personel\amazon)
2025-01-13T21:32:04.083+05:30  INFO 17344 --- [amazon] [main] com.ecom.amazon.AmazonApplication        : No active profile set, falling back to 1 default profile: "default"
2025-01-13T21:32:05.391+05:30  INFO 17344 --- [amazon] [main] .s.d.r.c.RepositoryConfigurationDelegate : Bootstrapping Spring Data JPA repositories in DEFAULT mode.
2025-01-13T21:32:05.587+05:30  INFO 17344 --- [amazon] [main] .s.d.r.c.RepositoryConfigurationDelegate : Finished Spring Data repository scanning in 179 ms. Found 14 JPA repository interfaces.
2025-01-13T21:32:06.668+05:30  INFO 17344 --- [amazon] [main] o.s.b.w.embedded.tomcat.TomcatWebServer  : Tomcat initialized with port 8080 (http)
2025-01-13T21:32:06.695+05:30  INFO 17344 --- [amazon] [main] o.apache.catalina.core.StandardService   : Starting service [Tomcat]
2025-01-13T21:32:06.696+05:30  INFO 17344 --- [amazon] [main] o.apache.catalina.core.StandardEngine    : Starting Servlet engine: [Apache Tomcat/10.1.34]
2025-01-13T21:32:06.778+05:30  INFO 17344 --- [amazon] [main] o.a.c.c.C.[Tomcat].[localhost].[/]       : Initializing Spring embedded WebApplicationContext
2025-01-13T21:32:06.778+05:30  INFO 17344 --- [amazon] [main] w.s.c.ServletWebServerApplicationContext : Root WebApplicationContext: initialization completed in 2591 ms
2025-01-13T21:32:07.045+05:30  INFO 17344 --- [amazon] [main] o.hibernate.jpa.internal.util.LogHelper  : HHH000204: Processing PersistenceUnitInfo [name: default]
2025-01-13T21:32:07.184+05:30  INFO 17344 --- [amazon] [main] org.hibernate.Version                    : HHH000412: Hibernate ORM core version 6.6.4.Final
2025-01-13T21:32:07.234+05:30  INFO 17344 --- [amazon] [main] o.h.c.internal.RegionFactoryInitiator    : HHH000026: Second-level cache disabled
2025-01-13T21:32:07.628+05:30  INFO 17344 --- [amazon] [main] o.s.o.j.p.SpringPersistenceUnitInfo      : No LoadTimeWeaver setup: ignoring JPA class transformer
2025-01-13T21:32:07.654+05:30  INFO 17344 --- [amazon] [main] com.zaxxer.hikari.HikariDataSource       : HikariPool-1 - Starting...
2025-01-13T21:32:08.039+05:30  INFO 17344 --- [amazon] [main] com.zaxxer.hikari.pool.HikariPool        : HikariPool-1 - Added connection com.mysql.cj.jdbc.ConnectionImpl@4a336377
2025-01-13T21:32:08.044+05:30  INFO 17344 --- [amazon] [main] com.zaxxer.hikari.HikariDataSource       : HikariPool-1 - Start completed.
2025-01-13T21:32:08.114+05:30  WARN 17344 --- [amazon] [main] org.hibernate.orm.deprecation            : HHH90000025: MySQLDialect does not need to be specified explicitly using 'hibernate.dialect' (remove the property setting and it will be selected by default)
2025-01-13T21:32:08.139+05:30  INFO 17344 --- [amazon] [main] org.hibernate.orm.connections.pooling    : HHH10001005: Database info:
	Database JDBC URL [Connecting through datasource 'HikariDataSource (HikariPool-1)']
	Database driver: undefined/unknown
	Database version: 8.0.35
	Autocommit mode: undefined/unknown
	Isolation level: undefined/unknown
	Minimum pool size: undefined/unknown
	Maximum pool size: undefined/unknown
2025-01-13T21:32:09.422+05:30  INFO 17344 --- [amazon] [main] o.h.e.t.j.p.i.JtaPlatformInitiator       : HHH000489: No JTA platform available (set 'hibernate.transaction.jta.platform' to enable JTA platform integration)
2025-01-13T21:32:09.709+05:30  INFO 17344 --- [amazon] [main] j.LocalContainerEntityManagerFactoryBean : Initialized JPA EntityManagerFactory for persistence unit 'default'
2025-01-13T21:32:10.204+05:30  INFO 17344 --- [amazon] [main] r$InitializeUserDetailsManagerConfigurer : Global AuthenticationManager configured with UserDetailsService bean with name customUserDetailService
2025-01-13T21:32:10.315+05:30  INFO 17344 --- [amazon] [main] o.s.d.j.r.query.QueryEnhancerFactory     : Hibernate is in classpath; If applicable, HQL parser will be used.
2025-01-13T21:32:11.475+05:30  WARN 17344 --- [amazon] [main] JpaBaseConfiguration$JpaWebConfiguration : spring.jpa.open-in-view is enabled by default. Therefore, database queries may be performed during view rendering. Explicitly configure spring.jpa.open-in-view to disable this warning
2025-01-13T21:32:12.394+05:30  INFO 17344 --- [amazon] [main] o.s.b.w.embedded.tomcat.TomcatWebServer  : Tomcat started on port 8080 (http) with context path '/'
2025-01-13T21:32:12.404+05:30  INFO 17344 --- [amazon] [main] com.ecom.amazon.AmazonApplication        : Started AmazonApplication in 9.025 seconds (process running for 9.54)
2025-01-13T21:32:16.974+05:30  INFO 17344 --- [amazon] [http-nio-8080-exec-1] o.a.c.c.C.[Tomcat].[localhost].[/]       : Initializing Spring DispatcherServlet 'dispatcherServlet'
2025-01-13T21:32:16.974+05:30  INFO 17344 --- [amazon] [http-nio-8080-exec-1] o.s.web.servlet.DispatcherServlet        : Initializing Servlet 'dispatcherServlet'
2025-01-13T21:32:16.975+05:30  INFO 17344 --- [amazon] [http-nio-8080-exec-1] o.s.web.servlet.DispatcherServlet        : Completed initialization in 1 ms
2025-01-13T21:35:26.327+05:30  INFO 17344 --- [amazon] [SpringApplicationShutdownHook] o.s.b.w.e.tomcat.GracefulShutdown        : Commencing graceful shutdown. Waiting for active requests to complete
2025-01-13T21:35:26.344+05:30  INFO 17344 --- [amazon] [tomcat-shutdown] o.s.b.w.e.tomcat.GracefulShutdown        : Graceful shutdown complete
2025-01-13T21:35:26.347+05:30  INFO 17344 --- [amazon] [SpringApplicationShutdownHook] j.LocalContainerEntityManagerFactoryBean : Closing JPA EntityManagerFactory for persistence unit 'default'
2025-01-13T21:35:26.350+05:30  INFO 17344 --- [amazon] [SpringApplicationShutdownHook] com.zaxxer.hikari.HikariDataSource       : HikariPool-1 - Shutdown initiated...
2025-01-13T21:35:26.361+05:30  INFO 17344 --- [amazon] [SpringApplicationShutdownHook] com.zaxxer.hikari.HikariDataSource       : HikariPool-1 - Shutdown completed.
2025-01-13T21:35:29.896+05:30  INFO 19104 --- [amazon] [main] com.ecom.amazon.AmazonApplication        : Starting AmazonApplication using Java 21.0.1 with PID 19104 (C:\Users\KINJAL PAL\Downloads\Personel\amazon\amazon\target\classes started by KINJAL PAL in C:\Users\KINJAL PAL\Downloads\Personel\amazon)
2025-01-13T21:35:29.900+05:30  INFO 19104 --- [amazon] [main] com.ecom.amazon.AmazonApplication        : No active profile set, falling back to 1 default profile: "default"
2025-01-13T21:35:31.043+05:30  INFO 19104 --- [amazon] [main] .s.d.r.c.RepositoryConfigurationDelegate : Bootstrapping Spring Data JPA repositories in DEFAULT mode.
2025-01-13T21:35:31.169+05:30  INFO 19104 --- [amazon] [main] .s.d.r.c.RepositoryConfigurationDelegate : Finished Spring Data repository scanning in 106 ms. Found 14 JPA repository interfaces.
2025-01-13T21:35:32.080+05:30  INFO 19104 --- [amazon] [main] o.s.b.w.embedded.tomcat.TomcatWebServer  : Tomcat initialized with port 8080 (http)
2025-01-13T21:35:32.098+05:30  INFO 19104 --- [amazon] [main] o.apache.catalina.core.StandardService   : Starting service [Tomcat]
2025-01-13T21:35:32.099+05:30  INFO 19104 --- [amazon] [main] o.apache.catalina.core.StandardEngine    : Starting Servlet engine: [Apache Tomcat/10.1.34]
2025-01-13T21:35:32.150+05:30  INFO 19104 --- [amazon] [main] o.a.c.c.C.[Tomcat].[localhost].[/]       : Initializing Spring embedded WebApplicationContext
2025-01-13T21:35:32.151+05:30  INFO 19104 --- [amazon] [main] w.s.c.ServletWebServerApplicationContext : Root WebApplicationContext: initialization completed in 2173 ms
2025-01-13T21:35:32.362+05:30  INFO 19104 --- [amazon] [main] o.hibernate.jpa.internal.util.LogHelper  : HHH000204: Processing PersistenceUnitInfo [name: default]
2025-01-13T21:35:32.478+05:30  INFO 19104 --- [amazon] [main] org.hibernate.Version                    : HHH000412: Hibernate ORM core version 6.6.4.Final
2025-01-13T21:35:32.559+05:30  INFO 19104 --- [amazon] [main] o.h.c.internal.RegionFactoryInitiator    : HHH000026: Second-level cache disabled
2025-01-13T21:35:32.985+05:30  INFO 19104 --- [amazon] [main] o.s.o.j.p.SpringPersistenceUnitInfo      : No LoadTimeWeaver setup: ignoring JPA class transformer
2025-01-13T21:35:33.044+05:30  INFO 19104 --- [amazon] [main] com.zaxxer.hikari.HikariDataSource       : HikariPool-1 - Starting...
2025-01-13T21:35:33.395+05:30  INFO 19104 --- [amazon] [main] com.zaxxer.hikari.pool.HikariPool        : HikariPool-1 - Added connection com.mysql.cj.jdbc.ConnectionImpl@536da29c
2025-01-13T21:35:33.398+05:30  INFO 19104 --- [amazon] [main] com.zaxxer.hikari.HikariDataSource       : HikariPool-1 - Start completed.
2025-01-13T21:35:33.469+05:30  WARN 19104 --- [amazon] [main] org.hibernate.orm.deprecation            : HHH90000025: MySQLDialect does not need to be specified explicitly using 'hibernate.dialect' (remove the property setting and it will be selected by default)
2025-01-13T21:35:33.492+05:30  INFO 19104 --- [amazon] [main] org.hibernate.orm.connections.pooling    : HHH10001005: Database info:
	Database JDBC URL [Connecting through datasource 'HikariDataSource (HikariPool-1)']
	Database driver: undefined/unknown
	Database version: 8.0.35
	Autocommit mode: undefined/unknown
	Isolation level: undefined/unknown
	Minimum pool size: undefined/unknown
	Maximum pool size: undefined/unknown
2025-01-13T21:35:34.761+05:30  INFO 19104 --- [amazon] [main] o.h.e.t.j.p.i.JtaPlatformInitiator       : HHH000489: No JTA platform available (set 'hibernate.transaction.jta.platform' to enable JTA platform integration)
2025-01-13T21:35:35.020+05:30  INFO 19104 --- [amazon] [main] j.LocalContainerEntityManagerFactoryBean : Initialized JPA EntityManagerFactory for persistence unit 'default'
2025-01-13T21:35:35.626+05:30  INFO 19104 --- [amazon] [main] r$InitializeUserDetailsManagerConfigurer : Global AuthenticationManager configured with UserDetailsService bean with name customUserDetailService
2025-01-13T21:35:35.733+05:30  INFO 19104 --- [amazon] [main] o.s.d.j.r.query.QueryEnhancerFactory     : Hibernate is in classpath; If applicable, HQL parser will be used.
2025-01-13T21:35:36.916+05:30  WARN 19104 --- [amazon] [main] JpaBaseConfiguration$JpaWebConfiguration : spring.jpa.open-in-view is enabled by default. Therefore, database queries may be performed during view rendering. Explicitly configure spring.jpa.open-in-view to disable this warning
2025-01-13T21:35:38.010+05:30  INFO 19104 --- [amazon] [main] o.s.b.w.embedded.tomcat.TomcatWebServer  : Tomcat started on port 8080 (http) with context path '/'
2025-01-13T21:35:38.023+05:30  INFO 19104 --- [amazon] [main] com.ecom.amazon.AmazonApplication        : Started AmazonApplication in 8.735 seconds (process running for 9.228)
2025-01-13T21:35:41.639+05:30  INFO 19104 --- [amazon] [http-nio-8080-exec-2] o.a.c.c.C.[Tomcat].[localhost].[/]       : Initializing Spring DispatcherServlet 'dispatcherServlet'
2025-01-13T21:35:41.640+05:30  INFO 19104 --- [amazon] [http-nio-8080-exec-2] o.s.web.servlet.DispatcherServlet        : Initializing Servlet 'dispatcherServlet'
2025-01-13T21:35:41.642+05:30  INFO 19104 --- [amazon] [http-nio-8080-exec-2] o.s.web.servlet.DispatcherServlet        : Completed initialization in 2 ms
2025-01-13T21:39:08.388+05:30  INFO 19104 --- [amazon] [SpringApplicationShutdownHook] o.s.b.w.e.tomcat.GracefulShutdown        : Commencing graceful shutdown. Waiting for active requests to complete
2025-01-13T21:39:08.397+05:30  INFO 19104 --- [amazon] [tomcat-shutdown] o.s.b.w.e.tomcat.GracefulShutdown        : Graceful shutdown complete
2025-01-13T21:39:08.402+05:30  INFO 19104 --- [amazon] [SpringApplicationShutdownHook] j.LocalContainerEntityManagerFactoryBean : Closing JPA EntityManagerFactory for persistence unit 'default'
2025-01-13T21:39:08.405+05:30  INFO 19104 --- [amazon] [SpringApplicationShutdownHook] com.zaxxer.hikari.HikariDataSource       : HikariPool-1 - Shutdown initiated...
2025-01-13T21:39:08.424+05:30  INFO 19104 --- [amazon] [SpringApplicationShutdownHook] com.zaxxer.hikari.HikariDataSource       : HikariPool-1 - Shutdown completed.
2025-01-13T21:39:12.459+05:30  INFO 18392 --- [amazon] [main] com.ecom.amazon.AmazonApplication        : Starting AmazonApplication using Java 21.0.1 with PID 18392 (C:\Users\KINJAL PAL\Downloads\Personel\amazon\amazon\target\classes started by KINJAL PAL in C:\Users\KINJAL PAL\Downloads\Personel\amazon)
2025-01-13T21:39:12.463+05:30  INFO 18392 --- [amazon] [main] com.ecom.amazon.AmazonApplication        : No active profile set, falling back to 1 default profile: "default"
2025-01-13T21:39:13.395+05:30  INFO 18392 --- [amazon] [main] .s.d.r.c.RepositoryConfigurationDelegate : Bootstrapping Spring Data JPA repositories in DEFAULT mode.
2025-01-13T21:39:13.510+05:30  INFO 18392 --- [amazon] [main] .s.d.r.c.RepositoryConfigurationDelegate : Finished Spring Data repository scanning in 100 ms. Found 14 JPA repository interfaces.
2025-01-13T21:39:14.321+05:30  INFO 18392 --- [amazon] [main] o.s.b.w.embedded.tomcat.TomcatWebServer  : Tomcat initialized with port 8080 (http)
2025-01-13T21:39:14.346+05:30  INFO 18392 --- [amazon] [main] o.apache.catalina.core.StandardService   : Starting service [Tomcat]
2025-01-13T21:39:14.346+05:30  INFO 18392 --- [amazon] [main] o.apache.catalina.core.StandardEngine    : Starting Servlet engine: [Apache Tomcat/10.1.34]
2025-01-13T21:39:14.399+05:30  INFO 18392 --- [amazon] [main] o.a.c.c.C.[Tomcat].[localhost].[/]       : Initializing Spring embedded WebApplicationContext
2025-01-13T21:39:14.399+05:30  INFO 18392 --- [amazon] [main] w.s.c.ServletWebServerApplicationContext : Root WebApplicationContext: initialization completed in 1870 ms
2025-01-13T21:39:14.633+05:30  INFO 18392 --- [amazon] [main] o.hibernate.jpa.internal.util.LogHelper  : HHH000204: Processing PersistenceUnitInfo [name: default]
2025-01-13T21:39:14.743+05:30  INFO 18392 --- [amazon] [main] org.hibernate.Version                    : HHH000412: Hibernate ORM core version 6.6.4.Final
2025-01-13T21:39:14.813+05:30  INFO 18392 --- [amazon] [main] o.h.c.internal.RegionFactoryInitiator    : HHH000026: Second-level cache disabled
2025-01-13T21:39:15.184+05:30  INFO 18392 --- [amazon] [main] o.s.o.j.p.SpringPersistenceUnitInfo      : No LoadTimeWeaver setup: ignoring JPA class transformer
2025-01-13T21:39:15.213+05:30  INFO 18392 --- [amazon] [main] com.zaxxer.hikari.HikariDataSource       : HikariPool-1 - Starting...
2025-01-13T21:39:15.683+05:30  INFO 18392 --- [amazon] [main] com.zaxxer.hikari.pool.HikariPool        : HikariPool-1 - Added connection com.mysql.cj.jdbc.ConnectionImpl@536da29c
2025-01-13T21:39:15.685+05:30  INFO 18392 --- [amazon] [main] com.zaxxer.hikari.HikariDataSource       : HikariPool-1 - Start completed.
2025-01-13T21:39:15.751+05:30  WARN 18392 --- [amazon] [main] org.hibernate.orm.deprecation            : HHH90000025: MySQLDialect does not need to be specified explicitly using 'hibernate.dialect' (remove the property setting and it will be selected by default)
2025-01-13T21:39:15.778+05:30  INFO 18392 --- [amazon] [main] org.hibernate.orm.connections.pooling    : HHH10001005: Database info:
	Database JDBC URL [Connecting through datasource 'HikariDataSource (HikariPool-1)']
	Database driver: undefined/unknown
	Database version: 8.0.35
	Autocommit mode: undefined/unknown
	Isolation level: undefined/unknown
	Minimum pool size: undefined/unknown
	Maximum pool size: undefined/unknown
2025-01-13T21:39:17.079+05:30  INFO 18392 --- [amazon] [main] o.h.e.t.j.p.i.JtaPlatformInitiator       : HHH000489: No JTA platform available (set 'hibernate.transaction.jta.platform' to enable JTA platform integration)
2025-01-13T21:39:17.298+05:30  INFO 18392 --- [amazon] [main] j.LocalContainerEntityManagerFactoryBean : Initialized JPA EntityManagerFactory for persistence unit 'default'
2025-01-13T21:39:17.923+05:30  INFO 18392 --- [amazon] [main] r$InitializeUserDetailsManagerConfigurer : Global AuthenticationManager configured with UserDetailsService bean with name customUserDetailService
2025-01-13T21:39:18.065+05:30  INFO 18392 --- [amazon] [main] o.s.d.j.r.query.QueryEnhancerFactory     : Hibernate is in classpath; If applicable, HQL parser will be used.
2025-01-13T21:39:19.199+05:30  WARN 18392 --- [amazon] [main] JpaBaseConfiguration$JpaWebConfiguration : spring.jpa.open-in-view is enabled by default. Therefore, database queries may be performed during view rendering. Explicitly configure spring.jpa.open-in-view to disable this warning
2025-01-13T21:39:19.959+05:30  INFO 18392 --- [amazon] [main] o.s.b.w.embedded.tomcat.TomcatWebServer  : Tomcat started on port 8080 (http) with context path '/'
2025-01-13T21:39:19.969+05:30  INFO 18392 --- [amazon] [main] com.ecom.amazon.AmazonApplication        : Started AmazonApplication in 8.049 seconds (process running for 8.486)
2025-01-13T21:39:24.179+05:30  INFO 18392 --- [amazon] [http-nio-8080-exec-2] o.a.c.c.C.[Tomcat].[localhost].[/]       : Initializing Spring DispatcherServlet 'dispatcherServlet'
2025-01-13T21:39:24.180+05:30  INFO 18392 --- [amazon] [http-nio-8080-exec-2] o.s.web.servlet.DispatcherServlet        : Initializing Servlet 'dispatcherServlet'
2025-01-13T21:39:24.183+05:30  INFO 18392 --- [amazon] [http-nio-8080-exec-2] o.s.web.servlet.DispatcherServlet        : Completed initialization in 3 ms
2025-01-13T21:40:00.457+05:30  INFO 18392 --- [amazon] [SpringApplicationShutdownHook] o.s.b.w.e.tomcat.GracefulShutdown        : Commencing graceful shutdown. Waiting for active requests to complete
2025-01-13T21:40:00.471+05:30  INFO 18392 --- [amazon] [tomcat-shutdown] o.s.b.w.e.tomcat.GracefulShutdown        : Graceful shutdown complete
2025-01-13T21:40:00.475+05:30  INFO 18392 --- [amazon] [SpringApplicationShutdownHook] j.LocalContainerEntityManagerFactoryBean : Closing JPA EntityManagerFactory for persistence unit 'default'
2025-01-13T21:40:00.478+05:30  INFO 18392 --- [amazon] [SpringApplicationShutdownHook] com.zaxxer.hikari.HikariDataSource       : HikariPool-1 - Shutdown initiated...
2025-01-13T21:40:00.488+05:30  INFO 18392 --- [amazon] [SpringApplicationShutdownHook] com.zaxxer.hikari.HikariDataSource       : HikariPool-1 - Shutdown completed.
2025-01-13T21:40:02.647+05:30  INFO 13236 --- [amazon] [main] com.ecom.amazon.AmazonApplication        : Starting AmazonApplication using Java 21.0.1 with PID 13236 (C:\Users\KINJAL PAL\Downloads\Personel\amazon\amazon\target\classes started by KINJAL PAL in C:\Users\KINJAL PAL\Downloads\Personel\amazon)
2025-01-13T21:40:02.651+05:30  INFO 13236 --- [amazon] [main] com.ecom.amazon.AmazonApplication        : No active profile set, falling back to 1 default profile: "default"
2025-01-13T21:40:03.653+05:30  INFO 13236 --- [amazon] [main] .s.d.r.c.RepositoryConfigurationDelegate : Bootstrapping Spring Data JPA repositories in DEFAULT mode.
2025-01-13T21:40:03.788+05:30  INFO 13236 --- [amazon] [main] .s.d.r.c.RepositoryConfigurationDelegate : Finished Spring Data repository scanning in 119 ms. Found 14 JPA repository interfaces.
2025-01-13T21:40:04.745+05:30  INFO 13236 --- [amazon] [main] o.s.b.w.embedded.tomcat.TomcatWebServer  : Tomcat initialized with port 8080 (http)
2025-01-13T21:40:04.770+05:30  INFO 13236 --- [amazon] [main] o.apache.catalina.core.StandardService   : Starting service [Tomcat]
2025-01-13T21:40:04.771+05:30  INFO 13236 --- [amazon] [main] o.apache.catalina.core.StandardEngine    : Starting Servlet engine: [Apache Tomcat/10.1.34]
2025-01-13T21:40:04.831+05:30  INFO 13236 --- [amazon] [main] o.a.c.c.C.[Tomcat].[localhost].[/]       : Initializing Spring embedded WebApplicationContext
2025-01-13T21:40:04.831+05:30  INFO 13236 --- [amazon] [main] w.s.c.ServletWebServerApplicationContext : Root WebApplicationContext: initialization completed in 2115 ms
2025-01-13T21:40:05.054+05:30  INFO 13236 --- [amazon] [main] o.hibernate.jpa.internal.util.LogHelper  : HHH000204: Processing PersistenceUnitInfo [name: default]
2025-01-13T21:40:05.187+05:30  INFO 13236 --- [amazon] [main] org.hibernate.Version                    : HHH000412: Hibernate ORM core version 6.6.4.Final
2025-01-13T21:40:05.230+05:30  INFO 13236 --- [amazon] [main] o.h.c.internal.RegionFactoryInitiator    : HHH000026: Second-level cache disabled
2025-01-13T21:40:05.700+05:30  INFO 13236 --- [amazon] [main] o.s.o.j.p.SpringPersistenceUnitInfo      : No LoadTimeWeaver setup: ignoring JPA class transformer
2025-01-13T21:40:05.746+05:30  INFO 13236 --- [amazon] [main] com.zaxxer.hikari.HikariDataSource       : HikariPool-1 - Starting...
2025-01-13T21:40:06.176+05:30  INFO 13236 --- [amazon] [main] com.zaxxer.hikari.pool.HikariPool        : HikariPool-1 - Added connection com.mysql.cj.jdbc.ConnectionImpl@3d8d52be
2025-01-13T21:40:06.179+05:30  INFO 13236 --- [amazon] [main] com.zaxxer.hikari.HikariDataSource       : HikariPool-1 - Start completed.
2025-01-13T21:40:06.237+05:30  WARN 13236 --- [amazon] [main] org.hibernate.orm.deprecation            : HHH90000025: MySQLDialect does not need to be specified explicitly using 'hibernate.dialect' (remove the property setting and it will be selected by default)
2025-01-13T21:40:06.259+05:30  INFO 13236 --- [amazon] [main] org.hibernate.orm.connections.pooling    : HHH10001005: Database info:
	Database JDBC URL [Connecting through datasource 'HikariDataSource (HikariPool-1)']
	Database driver: undefined/unknown
	Database version: 8.0.35
	Autocommit mode: undefined/unknown
	Isolation level: undefined/unknown
	Minimum pool size: undefined/unknown
	Maximum pool size: undefined/unknown
2025-01-13T21:40:07.465+05:30  INFO 13236 --- [amazon] [main] o.h.e.t.j.p.i.JtaPlatformInitiator       : HHH000489: No JTA platform available (set 'hibernate.transaction.jta.platform' to enable JTA platform integration)
2025-01-13T21:40:07.668+05:30  INFO 13236 --- [amazon] [main] j.LocalContainerEntityManagerFactoryBean : Initialized JPA EntityManagerFactory for persistence unit 'default'
2025-01-13T21:40:08.258+05:30  INFO 13236 --- [amazon] [main] r$InitializeUserDetailsManagerConfigurer : Global AuthenticationManager configured with UserDetailsService bean with name customUserDetailService
2025-01-13T21:40:08.361+05:30  INFO 13236 --- [amazon] [main] o.s.d.j.r.query.QueryEnhancerFactory     : Hibernate is in classpath; If applicable, HQL parser will be used.
2025-01-13T21:40:09.352+05:30  WARN 13236 --- [amazon] [main] JpaBaseConfiguration$JpaWebConfiguration : spring.jpa.open-in-view is enabled by default. Therefore, database queries may be performed during view rendering. Explicitly configure spring.jpa.open-in-view to disable this warning
2025-01-13T21:40:10.154+05:30  INFO 13236 --- [amazon] [main] o.s.b.w.embedded.tomcat.TomcatWebServer  : Tomcat started on port 8080 (http) with context path '/'
2025-01-13T21:40:10.164+05:30  INFO 13236 --- [amazon] [main] com.ecom.amazon.AmazonApplication        : Started AmazonApplication in 8.088 seconds (process running for 8.649)
2025-01-13T21:40:13.676+05:30  INFO 13236 --- [amazon] [http-nio-8080-exec-2] o.a.c.c.C.[Tomcat].[localhost].[/]       : Initializing Spring DispatcherServlet 'dispatcherServlet'
2025-01-13T21:40:13.676+05:30  INFO 13236 --- [amazon] [http-nio-8080-exec-2] o.s.web.servlet.DispatcherServlet        : Initializing Servlet 'dispatcherServlet'
2025-01-13T21:40:13.678+05:30  INFO 13236 --- [amazon] [http-nio-8080-exec-2] o.s.web.servlet.DispatcherServlet        : Completed initialization in 2 ms
2025-01-13T21:46:36.745+05:30  INFO 13236 --- [amazon] [SpringApplicationShutdownHook] o.s.b.w.e.tomcat.GracefulShutdown        : Commencing graceful shutdown. Waiting for active requests to complete
2025-01-13T21:46:36.773+05:30  INFO 13236 --- [amazon] [tomcat-shutdown] o.s.b.w.e.tomcat.GracefulShutdown        : Graceful shutdown complete
2025-01-13T21:46:36.778+05:30  INFO 13236 --- [amazon] [SpringApplicationShutdownHook] j.LocalContainerEntityManagerFactoryBean : Closing JPA EntityManagerFactory for persistence unit 'default'
2025-01-13T21:46:36.780+05:30  INFO 13236 --- [amazon] [SpringApplicationShutdownHook] com.zaxxer.hikari.HikariDataSource       : HikariPool-1 - Shutdown initiated...
2025-01-13T21:46:36.795+05:30  INFO 13236 --- [amazon] [SpringApplicationShutdownHook] com.zaxxer.hikari.HikariDataSource       : HikariPool-1 - Shutdown completed.
2025-01-13T21:46:40.151+05:30  INFO 11796 --- [amazon] [main] com.ecom.amazon.AmazonApplication        : Starting AmazonApplication using Java 21.0.1 with PID 11796 (C:\Users\KINJAL PAL\Downloads\Personel\amazon\amazon\target\classes started by KINJAL PAL in C:\Users\KINJAL PAL\Downloads\Personel\amazon)
2025-01-13T21:46:40.155+05:30  INFO 11796 --- [amazon] [main] com.ecom.amazon.AmazonApplication        : No active profile set, falling back to 1 default profile: "default"
2025-01-13T21:46:40.992+05:30  INFO 11796 --- [amazon] [main] .s.d.r.c.RepositoryConfigurationDelegate : Bootstrapping Spring Data JPA repositories in DEFAULT mode.
2025-01-13T21:46:41.107+05:30  INFO 11796 --- [amazon] [main] .s.d.r.c.RepositoryConfigurationDelegate : Finished Spring Data repository scanning in 100 ms. Found 14 JPA repository interfaces.
2025-01-13T21:46:41.945+05:30  INFO 11796 --- [amazon] [main] o.s.b.w.embedded.tomcat.TomcatWebServer  : Tomcat initialized with port 8080 (http)
2025-01-13T21:46:41.962+05:30  INFO 11796 --- [amazon] [main] o.apache.catalina.core.StandardService   : Starting service [Tomcat]
2025-01-13T21:46:41.962+05:30  INFO 11796 --- [amazon] [main] o.apache.catalina.core.StandardEngine    : Starting Servlet engine: [Apache Tomcat/10.1.34]
2025-01-13T21:46:42.017+05:30  INFO 11796 --- [amazon] [main] o.a.c.c.C.[Tomcat].[localhost].[/]       : Initializing Spring embedded WebApplicationContext
2025-01-13T21:46:42.017+05:30  INFO 11796 --- [amazon] [main] w.s.c.ServletWebServerApplicationContext : Root WebApplicationContext: initialization completed in 1796 ms
2025-01-13T21:46:42.242+05:30  INFO 11796 --- [amazon] [main] o.hibernate.jpa.internal.util.LogHelper  : HHH000204: Processing PersistenceUnitInfo [name: default]
2025-01-13T21:46:42.344+05:30  INFO 11796 --- [amazon] [main] org.hibernate.Version                    : HHH000412: Hibernate ORM core version 6.6.4.Final
2025-01-13T21:46:42.403+05:30  INFO 11796 --- [amazon] [main] o.h.c.internal.RegionFactoryInitiator    : HHH000026: Second-level cache disabled
2025-01-13T21:46:42.781+05:30  INFO 11796 --- [amazon] [main] o.s.o.j.p.SpringPersistenceUnitInfo      : No LoadTimeWeaver setup: ignoring JPA class transformer
2025-01-13T21:46:42.813+05:30  INFO 11796 --- [amazon] [main] com.zaxxer.hikari.HikariDataSource       : HikariPool-1 - Starting...
2025-01-13T21:46:43.139+05:30  INFO 11796 --- [amazon] [main] com.zaxxer.hikari.pool.HikariPool        : HikariPool-1 - Added connection com.mysql.cj.jdbc.ConnectionImpl@41be8db9
2025-01-13T21:46:43.142+05:30  INFO 11796 --- [amazon] [main] com.zaxxer.hikari.HikariDataSource       : HikariPool-1 - Start completed.
2025-01-13T21:46:43.216+05:30  WARN 11796 --- [amazon] [main] org.hibernate.orm.deprecation            : HHH90000025: MySQLDialect does not need to be specified explicitly using 'hibernate.dialect' (remove the property setting and it will be selected by default)
2025-01-13T21:46:43.239+05:30  INFO 11796 --- [amazon] [main] org.hibernate.orm.connections.pooling    : HHH10001005: Database info:
	Database JDBC URL [Connecting through datasource 'HikariDataSource (HikariPool-1)']
	Database driver: undefined/unknown
	Database version: 8.0.35
	Autocommit mode: undefined/unknown
	Isolation level: undefined/unknown
	Minimum pool size: undefined/unknown
	Maximum pool size: undefined/unknown
2025-01-13T21:46:44.289+05:30  INFO 11796 --- [amazon] [main] o.h.e.t.j.p.i.JtaPlatformInitiator       : HHH000489: No JTA platform available (set 'hibernate.transaction.jta.platform' to enable JTA platform integration)
2025-01-13T21:46:44.480+05:30  INFO 11796 --- [amazon] [main] j.LocalContainerEntityManagerFactoryBean : Initialized JPA EntityManagerFactory for persistence unit 'default'
2025-01-13T21:46:44.992+05:30  INFO 11796 --- [amazon] [main] r$InitializeUserDetailsManagerConfigurer : Global AuthenticationManager configured with UserDetailsService bean with name customUserDetailService
2025-01-13T21:46:45.083+05:30  INFO 11796 --- [amazon] [main] o.s.d.j.r.query.QueryEnhancerFactory     : Hibernate is in classpath; If applicable, HQL parser will be used.
2025-01-13T21:46:45.908+05:30  WARN 11796 --- [amazon] [main] JpaBaseConfiguration$JpaWebConfiguration : spring.jpa.open-in-view is enabled by default. Therefore, database queries may be performed during view rendering. Explicitly configure spring.jpa.open-in-view to disable this warning
2025-01-13T21:46:46.724+05:30  INFO 11796 --- [amazon] [main] o.s.b.w.embedded.tomcat.TomcatWebServer  : Tomcat started on port 8080 (http) with context path '/'
2025-01-13T21:46:46.732+05:30  INFO 11796 --- [amazon] [main] com.ecom.amazon.AmazonApplication        : Started AmazonApplication in 7.145 seconds (process running for 7.577)
2025-01-13T21:47:05.589+05:30  INFO 11796 --- [amazon] [http-nio-8080-exec-1] o.a.c.c.C.[Tomcat].[localhost].[/]       : Initializing Spring DispatcherServlet 'dispatcherServlet'
2025-01-13T21:47:05.590+05:30  INFO 11796 --- [amazon] [http-nio-8080-exec-1] o.s.web.servlet.DispatcherServlet        : Initializing Servlet 'dispatcherServlet'
2025-01-13T21:47:05.593+05:30  INFO 11796 --- [amazon] [http-nio-8080-exec-1] o.s.web.servlet.DispatcherServlet        : Completed initialization in 2 ms
2025-01-13T21:48:10.162+05:30  INFO 11796 --- [amazon] [SpringApplicationShutdownHook] o.s.b.w.e.tomcat.GracefulShutdown        : Commencing graceful shutdown. Waiting for active requests to complete
2025-01-13T21:48:10.177+05:30  INFO 11796 --- [amazon] [tomcat-shutdown] o.s.b.w.e.tomcat.GracefulShutdown        : Graceful shutdown complete
2025-01-13T21:48:10.181+05:30  INFO 11796 --- [amazon] [SpringApplicationShutdownHook] j.LocalContainerEntityManagerFactoryBean : Closing JPA EntityManagerFactory for persistence unit 'default'
2025-01-13T21:48:10.184+05:30  INFO 11796 --- [amazon] [SpringApplicationShutdownHook] com.zaxxer.hikari.HikariDataSource       : HikariPool-1 - Shutdown initiated...
2025-01-13T21:48:10.199+05:30  INFO 11796 --- [amazon] [SpringApplicationShutdownHook] com.zaxxer.hikari.HikariDataSource       : HikariPool-1 - Shutdown completed.
2025-01-13T21:48:13.511+05:30  INFO 14892 --- [amazon] [main] com.ecom.amazon.AmazonApplication        : Starting AmazonApplication using Java 21.0.1 with PID 14892 (C:\Users\KINJAL PAL\Downloads\Personel\amazon\amazon\target\classes started by KINJAL PAL in C:\Users\KINJAL PAL\Downloads\Personel\amazon)
2025-01-13T21:48:13.514+05:30  INFO 14892 --- [amazon] [main] com.ecom.amazon.AmazonApplication        : No active profile set, falling back to 1 default profile: "default"
2025-01-13T21:48:14.575+05:30  INFO 14892 --- [amazon] [main] .s.d.r.c.RepositoryConfigurationDelegate : Bootstrapping Spring Data JPA repositories in DEFAULT mode.
2025-01-13T21:48:14.706+05:30  INFO 14892 --- [amazon] [main] .s.d.r.c.RepositoryConfigurationDelegate : Finished Spring Data repository scanning in 117 ms. Found 14 JPA repository interfaces.
2025-01-13T21:48:15.663+05:30  INFO 14892 --- [amazon] [main] o.s.b.w.embedded.tomcat.TomcatWebServer  : Tomcat initialized with port 8080 (http)
2025-01-13T21:48:15.684+05:30  INFO 14892 --- [amazon] [main] o.apache.catalina.core.StandardService   : Starting service [Tomcat]
2025-01-13T21:48:15.684+05:30  INFO 14892 --- [amazon] [main] o.apache.catalina.core.StandardEngine    : Starting Servlet engine: [Apache Tomcat/10.1.34]
2025-01-13T21:48:15.767+05:30  INFO 14892 --- [amazon] [main] o.a.c.c.C.[Tomcat].[localhost].[/]       : Initializing Spring embedded WebApplicationContext
2025-01-13T21:48:15.768+05:30  INFO 14892 --- [amazon] [main] w.s.c.ServletWebServerApplicationContext : Root WebApplicationContext: initialization completed in 2181 ms
2025-01-13T21:48:16.038+05:30  INFO 14892 --- [amazon] [main] o.hibernate.jpa.internal.util.LogHelper  : HHH000204: Processing PersistenceUnitInfo [name: default]
2025-01-13T21:48:16.141+05:30  INFO 14892 --- [amazon] [main] org.hibernate.Version                    : HHH000412: Hibernate ORM core version 6.6.4.Final
2025-01-13T21:48:16.200+05:30  INFO 14892 --- [amazon] [main] o.h.c.internal.RegionFactoryInitiator    : HHH000026: Second-level cache disabled
2025-01-13T21:48:16.718+05:30  INFO 14892 --- [amazon] [main] o.s.o.j.p.SpringPersistenceUnitInfo      : No LoadTimeWeaver setup: ignoring JPA class transformer
2025-01-13T21:48:16.768+05:30  INFO 14892 --- [amazon] [main] com.zaxxer.hikari.HikariDataSource       : HikariPool-1 - Starting...
2025-01-13T21:48:17.216+05:30  INFO 14892 --- [amazon] [main] com.zaxxer.hikari.pool.HikariPool        : HikariPool-1 - Added connection com.mysql.cj.jdbc.ConnectionImpl@3c27f72
2025-01-13T21:48:17.220+05:30  INFO 14892 --- [amazon] [main] com.zaxxer.hikari.HikariDataSource       : HikariPool-1 - Start completed.
2025-01-13T21:48:17.274+05:30  WARN 14892 --- [amazon] [main] org.hibernate.orm.deprecation            : HHH90000025: MySQLDialect does not need to be specified explicitly using 'hibernate.dialect' (remove the property setting and it will be selected by default)
2025-01-13T21:48:17.293+05:30  INFO 14892 --- [amazon] [main] org.hibernate.orm.connections.pooling    : HHH10001005: Database info:
	Database JDBC URL [Connecting through datasource 'HikariDataSource (HikariPool-1)']
	Database driver: undefined/unknown
	Database version: 8.0.35
	Autocommit mode: undefined/unknown
	Isolation level: undefined/unknown
	Minimum pool size: undefined/unknown
	Maximum pool size: undefined/unknown
2025-01-13T21:48:18.394+05:30  INFO 14892 --- [amazon] [main] o.h.e.t.j.p.i.JtaPlatformInitiator       : HHH000489: No JTA platform available (set 'hibernate.transaction.jta.platform' to enable JTA platform integration)
2025-01-13T21:48:18.580+05:30  INFO 14892 --- [amazon] [main] j.LocalContainerEntityManagerFactoryBean : Initialized JPA EntityManagerFactory for persistence unit 'default'
2025-01-13T21:48:19.231+05:30  INFO 14892 --- [amazon] [main] r$InitializeUserDetailsManagerConfigurer : Global AuthenticationManager configured with UserDetailsService bean with name customUserDetailService
2025-01-13T21:48:19.313+05:30  INFO 14892 --- [amazon] [main] o.s.d.j.r.query.QueryEnhancerFactory     : Hibernate is in classpath; If applicable, HQL parser will be used.
2025-01-13T21:48:20.408+05:30  WARN 14892 --- [amazon] [main] JpaBaseConfiguration$JpaWebConfiguration : spring.jpa.open-in-view is enabled by default. Therefore, database queries may be performed during view rendering. Explicitly configure spring.jpa.open-in-view to disable this warning
2025-01-13T21:48:21.192+05:30  INFO 14892 --- [amazon] [main] o.s.b.w.embedded.tomcat.TomcatWebServer  : Tomcat started on port 8080 (http) with context path '/'
2025-01-13T21:48:21.204+05:30  INFO 14892 --- [amazon] [main] com.ecom.amazon.AmazonApplication        : Started AmazonApplication in 8.257 seconds (process running for 8.752)
2025-01-13T21:48:25.330+05:30  INFO 14892 --- [amazon] [http-nio-8080-exec-2] o.a.c.c.C.[Tomcat].[localhost].[/]       : Initializing Spring DispatcherServlet 'dispatcherServlet'
2025-01-13T21:48:25.330+05:30  INFO 14892 --- [amazon] [http-nio-8080-exec-2] o.s.web.servlet.DispatcherServlet        : Initializing Servlet 'dispatcherServlet'
2025-01-13T21:48:25.331+05:30  INFO 14892 --- [amazon] [http-nio-8080-exec-2] o.s.web.servlet.DispatcherServlet        : Completed initialization in 1 ms
2025-01-13T21:51:30.977+05:30  INFO 14892 --- [amazon] [SpringApplicationShutdownHook] o.s.b.w.e.tomcat.GracefulShutdown        : Commencing graceful shutdown. Waiting for active requests to complete
2025-01-13T21:51:30.992+05:30  INFO 14892 --- [amazon] [tomcat-shutdown] o.s.b.w.e.tomcat.GracefulShutdown        : Graceful shutdown complete
2025-01-13T21:51:30.996+05:30  INFO 14892 --- [amazon] [SpringApplicationShutdownHook] j.LocalContainerEntityManagerFactoryBean : Closing JPA EntityManagerFactory for persistence unit 'default'
2025-01-13T21:51:30.998+05:30  INFO 14892 --- [amazon] [SpringApplicationShutdownHook] com.zaxxer.hikari.HikariDataSource       : HikariPool-1 - Shutdown initiated...
2025-01-13T21:51:31.008+05:30  INFO 14892 --- [amazon] [SpringApplicationShutdownHook] com.zaxxer.hikari.HikariDataSource       : HikariPool-1 - Shutdown completed.
2025-01-13T21:51:34.151+05:30  INFO 6400 --- [amazon] [main] com.ecom.amazon.AmazonApplication        : Starting AmazonApplication using Java 21.0.1 with PID 6400 (C:\Users\KINJAL PAL\Downloads\Personel\amazon\amazon\target\classes started by KINJAL PAL in C:\Users\KINJAL PAL\Downloads\Personel\amazon)
2025-01-13T21:51:34.155+05:30  INFO 6400 --- [amazon] [main] com.ecom.amazon.AmazonApplication        : No active profile set, falling back to 1 default profile: "default"
2025-01-13T21:51:35.172+05:30  INFO 6400 --- [amazon] [main] .s.d.r.c.RepositoryConfigurationDelegate : Bootstrapping Spring Data JPA repositories in DEFAULT mode.
2025-01-13T21:51:35.294+05:30  INFO 6400 --- [amazon] [main] .s.d.r.c.RepositoryConfigurationDelegate : Finished Spring Data repository scanning in 111 ms. Found 14 JPA repository interfaces.
2025-01-13T21:51:36.460+05:30  INFO 6400 --- [amazon] [main] o.s.b.w.embedded.tomcat.TomcatWebServer  : Tomcat initialized with port 8080 (http)
2025-01-13T21:51:36.504+05:30  INFO 6400 --- [amazon] [main] o.apache.catalina.core.StandardService   : Starting service [Tomcat]
2025-01-13T21:51:36.505+05:30  INFO 6400 --- [amazon] [main] o.apache.catalina.core.StandardEngine    : Starting Servlet engine: [Apache Tomcat/10.1.34]
2025-01-13T21:51:36.593+05:30  INFO 6400 --- [amazon] [main] o.a.c.c.C.[Tomcat].[localhost].[/]       : Initializing Spring embedded WebApplicationContext
2025-01-13T21:51:36.594+05:30  INFO 6400 --- [amazon] [main] w.s.c.ServletWebServerApplicationContext : Root WebApplicationContext: initialization completed in 2357 ms
2025-01-13T21:51:36.831+05:30  INFO 6400 --- [amazon] [main] o.hibernate.jpa.internal.util.LogHelper  : HHH000204: Processing PersistenceUnitInfo [name: default]
2025-01-13T21:51:36.977+05:30  INFO 6400 --- [amazon] [main] org.hibernate.Version                    : HHH000412: Hibernate ORM core version 6.6.4.Final
2025-01-13T21:51:37.078+05:30  INFO 6400 --- [amazon] [main] o.h.c.internal.RegionFactoryInitiator    : HHH000026: Second-level cache disabled
2025-01-13T21:51:37.524+05:30  INFO 6400 --- [amazon] [main] o.s.o.j.p.SpringPersistenceUnitInfo      : No LoadTimeWeaver setup: ignoring JPA class transformer
2025-01-13T21:51:37.563+05:30  INFO 6400 --- [amazon] [main] com.zaxxer.hikari.HikariDataSource       : HikariPool-1 - Starting...
2025-01-13T21:51:37.956+05:30  INFO 6400 --- [amazon] [main] com.zaxxer.hikari.pool.HikariPool        : HikariPool-1 - Added connection com.mysql.cj.jdbc.ConnectionImpl@2211b44f
2025-01-13T21:51:37.959+05:30  INFO 6400 --- [amazon] [main] com.zaxxer.hikari.HikariDataSource       : HikariPool-1 - Start completed.
2025-01-13T21:51:38.028+05:30  WARN 6400 --- [amazon] [main] org.hibernate.orm.deprecation            : HHH90000025: MySQLDialect does not need to be specified explicitly using 'hibernate.dialect' (remove the property setting and it will be selected by default)
2025-01-13T21:51:38.053+05:30  INFO 6400 --- [amazon] [main] org.hibernate.orm.connections.pooling    : HHH10001005: Database info:
	Database JDBC URL [Connecting through datasource 'HikariDataSource (HikariPool-1)']
	Database driver: undefined/unknown
	Database version: 8.0.35
	Autocommit mode: undefined/unknown
	Isolation level: undefined/unknown
	Minimum pool size: undefined/unknown
	Maximum pool size: undefined/unknown
2025-01-13T21:51:39.167+05:30  INFO 6400 --- [amazon] [main] o.h.e.t.j.p.i.JtaPlatformInitiator       : HHH000489: No JTA platform available (set 'hibernate.transaction.jta.platform' to enable JTA platform integration)
2025-01-13T21:51:39.366+05:30  INFO 6400 --- [amazon] [main] j.LocalContainerEntityManagerFactoryBean : Initialized JPA EntityManagerFactory for persistence unit 'default'
2025-01-13T21:51:39.978+05:30  INFO 6400 --- [amazon] [main] r$InitializeUserDetailsManagerConfigurer : Global AuthenticationManager configured with UserDetailsService bean with name customUserDetailService
2025-01-13T21:51:40.094+05:30  INFO 6400 --- [amazon] [main] o.s.d.j.r.query.QueryEnhancerFactory     : Hibernate is in classpath; If applicable, HQL parser will be used.
2025-01-13T21:51:41.183+05:30  WARN 6400 --- [amazon] [main] JpaBaseConfiguration$JpaWebConfiguration : spring.jpa.open-in-view is enabled by default. Therefore, database queries may be performed during view rendering. Explicitly configure spring.jpa.open-in-view to disable this warning
2025-01-13T21:51:42.359+05:30  INFO 6400 --- [amazon] [main] o.s.b.w.embedded.tomcat.TomcatWebServer  : Tomcat started on port 8080 (http) with context path '/'
2025-01-13T21:51:42.377+05:30  INFO 6400 --- [amazon] [main] com.ecom.amazon.AmazonApplication        : Started AmazonApplication in 8.776 seconds (process running for 9.224)
2025-01-13T21:51:57.493+05:30  INFO 6400 --- [amazon] [http-nio-8080-exec-2] o.a.c.c.C.[Tomcat].[localhost].[/]       : Initializing Spring DispatcherServlet 'dispatcherServlet'
2025-01-13T21:51:57.494+05:30  INFO 6400 --- [amazon] [http-nio-8080-exec-2] o.s.web.servlet.DispatcherServlet        : Initializing Servlet 'dispatcherServlet'
2025-01-13T21:51:57.496+05:30  INFO 6400 --- [amazon] [http-nio-8080-exec-2] o.s.web.servlet.DispatcherServlet        : Completed initialization in 2 ms
