2025-01-11T16:08:03.496+05:30  INFO 2940 --- [amazon] [main] com.ecom.amazon.AmazonApplicationTests   : Starting AmazonApplicationTests using Java 21.0.1 with PID 2940 (started by KINJAL PAL in C:\Users\KINJAL PAL\Downloads\Personel\amazon\amazon)
2025-01-11T16:08:03.499+05:30  INFO 2940 --- [amazon] [main] com.ecom.amazon.AmazonApplicationTests   : No active profile set, falling back to 1 default profile: "default"
2025-01-11T16:08:04.437+05:30  INFO 2940 --- [amazon] [main] .s.d.r.c.RepositoryConfigurationDelegate : Bootstrapping Spring Data JPA repositories in DEFAULT mode.
2025-01-11T16:08:04.564+05:30  INFO 2940 --- [amazon] [main] .s.d.r.c.RepositoryConfigurationDelegate : Finished Spring Data repository scanning in 104 ms. Found 14 JPA repository interfaces.
2025-01-11T16:08:05.320+05:30  INFO 2940 --- [amazon] [main] o.hibernate.jpa.internal.util.LogHelper  : HHH000204: Processing PersistenceUnitInfo [name: default]
2025-01-11T16:08:05.428+05:30  INFO 2940 --- [amazon] [main] org.hibernate.Version                    : HHH000412: Hibernate ORM core version 6.6.4.Final
2025-01-11T16:08:05.480+05:30  INFO 2940 --- [amazon] [main] o.h.c.internal.RegionFactoryInitiator    : HHH000026: Second-level cache disabled
2025-01-11T16:08:06.003+05:30  INFO 2940 --- [amazon] [main] o.s.o.j.p.SpringPersistenceUnitInfo      : No LoadTimeWeaver setup: ignoring JPA class transformer
2025-01-11T16:08:06.045+05:30  INFO 2940 --- [amazon] [main] com.zaxxer.hikari.HikariDataSource       : HikariPool-1 - Starting...
2025-01-11T16:08:06.407+05:30  INFO 2940 --- [amazon] [main] com.zaxxer.hikari.pool.HikariPool        : HikariPool-1 - Added connection com.mysql.cj.jdbc.ConnectionImpl@34e990cc
2025-01-11T16:08:06.410+05:30  INFO 2940 --- [amazon] [main] com.zaxxer.hikari.HikariDataSource       : HikariPool-1 - Start completed.
2025-01-11T16:08:06.476+05:30  WARN 2940 --- [amazon] [main] org.hibernate.orm.deprecation            : HHH90000025: MySQLDialect does not need to be specified explicitly using 'hibernate.dialect' (remove the property setting and it will be selected by default)
2025-01-11T16:08:06.493+05:30  INFO 2940 --- [amazon] [main] org.hibernate.orm.connections.pooling    : HHH10001005: Database info:
	Database JDBC URL [Connecting through datasource 'HikariDataSource (HikariPool-1)']
	Database driver: undefined/unknown
	Database version: 8.0.35
	Autocommit mode: undefined/unknown
	Isolation level: undefined/unknown
	Minimum pool size: undefined/unknown
	Maximum pool size: undefined/unknown
2025-01-11T16:08:07.780+05:30  INFO 2940 --- [amazon] [main] o.h.e.t.j.p.i.JtaPlatformInitiator       : HHH000489: No JTA platform available (set 'hibernate.transaction.jta.platform' to enable JTA platform integration)
2025-01-11T16:08:08.019+05:30  INFO 2940 --- [amazon] [main] j.LocalContainerEntityManagerFactoryBean : Initialized JPA EntityManagerFactory for persistence unit 'default'
2025-01-11T16:08:08.621+05:30  INFO 2940 --- [amazon] [main] o.s.d.j.r.query.QueryEnhancerFactory     : Hibernate is in classpath; If applicable, HQL parser will be used.
2025-01-11T16:08:09.868+05:30  WARN 2940 --- [amazon] [main] JpaBaseConfiguration$JpaWebConfiguration : spring.jpa.open-in-view is enabled by default. Therefore, database queries may be performed during view rendering. Explicitly configure spring.jpa.open-in-view to disable this warning
2025-01-11T16:08:10.471+05:30  INFO 2940 --- [amazon] [main] com.ecom.amazon.AmazonApplicationTests   : Started AmazonApplicationTests in 7.288 seconds (process running for 8.479)
2025-01-11T16:08:11.030+05:30  INFO 2940 --- [amazon] [SpringApplicationShutdownHook] j.LocalContainerEntityManagerFactoryBean : Closing JPA EntityManagerFactory for persistence unit 'default'
2025-01-11T16:08:11.037+05:30  INFO 2940 --- [amazon] [SpringApplicationShutdownHook] com.zaxxer.hikari.HikariDataSource       : HikariPool-1 - Shutdown initiated...
2025-01-11T16:08:11.053+05:30  INFO 2940 --- [amazon] [SpringApplicationShutdownHook] com.zaxxer.hikari.HikariDataSource       : HikariPool-1 - Shutdown completed.
